{"app/scripts/app.js":{"path":"app/scripts/app.js","s":{"1":1,"2":1,"3":1,"4":1,"5":1,"6":0,"7":0,"8":0,"9":0,"10":0,"11":0,"12":0,"13":0,"14":0,"15":1,"16":1,"17":0,"18":0,"19":0,"20":1,"21":1,"22":1,"23":1,"24":1,"25":0,"26":1,"27":0,"28":1,"29":1,"30":1,"31":1,"32":1,"33":1,"34":0},"b":{"1":[1,0],"2":[1,0],"3":[0,0],"4":[0,0],"5":[0,0],"6":[0,0],"7":[0,0],"8":[0,1],"9":[0,1],"10":[1,1],"11":[1,1],"12":[1,1]},"f":{"1":1,"2":0,"3":1,"4":1},"fnMap":{"1":{"name":"(anonymous_1)","line":5,"loc":{"start":{"line":5,"column":1},"end":{"line":5,"column":13}}},"2":{"name":"(anonymous_2)","line":19,"loc":{"start":{"line":19,"column":35},"end":{"line":19,"column":45}}},"3":{"name":"(anonymous_3)","line":50,"loc":{"start":{"line":50,"column":36},"end":{"line":50,"column":46}}},"4":{"name":"(anonymous_4)","line":82,"loc":{"start":{"line":82,"column":21},"end":{"line":82,"column":40}}}},"statementMap":{"1":{"start":{"line":1,"column":0},"end":{"line":3,"column":1}},"2":{"start":{"line":2,"column":4},"end":{"line":2,"column":22}},"3":{"start":{"line":5,"column":0},"end":{"line":154,"column":5}},"4":{"start":{"line":11,"column":4},"end":{"line":11,"column":52}},"5":{"start":{"line":19,"column":4},"end":{"line":48,"column":7}},"6":{"start":{"line":21,"column":8},"end":{"line":21,"column":31}},"7":{"start":{"line":23,"column":8},"end":{"line":26,"column":9}},"8":{"start":{"line":25,"column":12},"end":{"line":25,"column":58}},"9":{"start":{"line":30,"column":8},"end":{"line":46,"column":9}},"10":{"start":{"line":31,"column":10},"end":{"line":31,"column":45}},"11":{"start":{"line":33,"column":10},"end":{"line":33,"column":60}},"12":{"start":{"line":35,"column":10},"end":{"line":42,"column":13}},"13":{"start":{"line":43,"column":10},"end":{"line":43,"column":18}},"14":{"start":{"line":45,"column":10},"end":{"line":45,"column":20}},"15":{"start":{"line":50,"column":4},"end":{"line":62,"column":7}},"16":{"start":{"line":52,"column":6},"end":{"line":61,"column":7}},"17":{"start":{"line":54,"column":8},"end":{"line":60,"column":9}},"18":{"start":{"line":57,"column":10},"end":{"line":57,"column":55}},"19":{"start":{"line":58,"column":10},"end":{"line":58,"column":82}},"20":{"start":{"line":73,"column":4},"end":{"line":75,"column":7}},"21":{"start":{"line":82,"column":4},"end":{"line":152,"column":6}},"22":{"start":{"line":88,"column":8},"end":{"line":90,"column":10}},"23":{"start":{"line":97,"column":8},"end":{"line":97,"column":30}},"24":{"start":{"line":98,"column":8},"end":{"line":100,"column":9}},"25":{"start":{"line":99,"column":12},"end":{"line":99,"column":51}},"26":{"start":{"line":108,"column":8},"end":{"line":113,"column":9}},"27":{"start":{"line":109,"column":10},"end":{"line":109,"column":70}},"28":{"start":{"line":112,"column":10},"end":{"line":112,"column":149}},"29":{"start":{"line":119,"column":8},"end":{"line":119,"column":52}},"30":{"start":{"line":129,"column":8},"end":{"line":132,"column":11}},"31":{"start":{"line":140,"column":8},"end":{"line":140,"column":67}},"32":{"start":{"line":146,"column":8},"end":{"line":146,"column":49}},"33":{"start":{"line":149,"column":8},"end":{"line":149,"column":33}},"34":{"start":{"line":151,"column":8},"end":{"line":151,"column":23}}},"branchMap":{"1":{"line":1,"type":"if","locations":[{"start":{"line":1,"column":-15},"end":{"line":1,"column":-15}},{"start":{"line":1,"column":-15},"end":{"line":1,"column":-15}}]},"2":{"line":1,"type":"binary-expr","locations":[{"start":{"line":1,"column":4},"end":{"line":1,"column":17}},{"start":{"line":1,"column":21},"end":{"line":1,"column":53}}]},"3":{"line":23,"type":"if","locations":[{"start":{"line":23,"column":8},"end":{"line":23,"column":8}},{"start":{"line":23,"column":8},"end":{"line":23,"column":8}}]},"4":{"line":30,"type":"if","locations":[{"start":{"line":30,"column":8},"end":{"line":30,"column":8}},{"start":{"line":30,"column":8},"end":{"line":30,"column":8}}]},"5":{"line":52,"type":"if","locations":[{"start":{"line":52,"column":6},"end":{"line":52,"column":6}},{"start":{"line":52,"column":6},"end":{"line":52,"column":6}}]},"6":{"line":54,"type":"if","locations":[{"start":{"line":54,"column":8},"end":{"line":54,"column":8}},{"start":{"line":54,"column":8},"end":{"line":54,"column":8}}]},"7":{"line":54,"type":"binary-expr","locations":[{"start":{"line":54,"column":12},"end":{"line":54,"column":33}},{"start":{"line":54,"column":37},"end":{"line":54,"column":72}}]},"8":{"line":98,"type":"if","locations":[{"start":{"line":98,"column":8},"end":{"line":98,"column":8}},{"start":{"line":98,"column":8},"end":{"line":98,"column":8}}]},"9":{"line":108,"type":"if","locations":[{"start":{"line":108,"column":8},"end":{"line":108,"column":8}},{"start":{"line":108,"column":8},"end":{"line":108,"column":8}}]},"10":{"line":119,"type":"binary-expr","locations":[{"start":{"line":119,"column":28},"end":{"line":119,"column":30}},{"start":{"line":119,"column":34},"end":{"line":119,"column":51}}]},"11":{"line":140,"type":"binary-expr","locations":[{"start":{"line":140,"column":30},"end":{"line":140,"column":49}},{"start":{"line":140,"column":53},"end":{"line":140,"column":66}}]},"12":{"line":146,"type":"binary-expr","locations":[{"start":{"line":146,"column":27},"end":{"line":146,"column":43}},{"start":{"line":146,"column":47},"end":{"line":146,"column":48}}]}}},"app/scripts/base/application.js":{"path":"app/scripts/base/application.js","s":{"1":1,"2":1,"3":0,"4":0,"5":0,"6":0,"7":0,"8":0,"9":0,"10":0,"11":0,"12":0,"13":0,"14":0,"15":0,"16":0,"17":0,"18":0,"19":0,"20":0,"21":0,"22":0,"23":0,"24":0,"25":0,"26":0,"27":0,"28":0,"29":0,"30":0,"31":0,"32":0,"33":0,"34":0,"35":0,"36":0,"37":0,"38":0,"39":0,"40":0,"41":0,"42":0,"43":0,"44":0,"45":0,"46":0,"47":0,"48":0,"49":0,"50":0,"51":0,"52":0,"53":0,"54":0,"55":0,"56":0,"57":0,"58":0,"59":0,"60":0,"61":0,"62":0,"63":0,"64":0,"65":0,"66":0,"67":0,"68":0,"69":0,"70":0,"71":0,"72":0,"73":0,"74":0,"75":0,"76":0,"77":0,"78":0,"79":0,"80":0,"81":0,"82":0},"b":{"1":[0,0],"2":[0,0],"3":[0,0,0],"4":[0,0],"5":[0,0],"6":[0,0],"7":[0,0],"8":[0,0],"9":[0,0],"10":[0,0],"11":[0,0],"12":[0,0],"13":[0,0],"14":[0,0],"15":[0,0],"16":[0,0],"17":[0,0],"18":[0,0],"19":[0,0],"20":[0,0],"21":[0,0],"22":[0,0],"23":[0,0],"24":[0,0],"25":[0,0],"26":[0,0]},"f":{"1":1,"2":0,"3":0,"4":0,"5":0,"6":0,"7":0,"8":0,"9":0,"10":0,"11":0,"12":0,"13":0,"14":0,"15":0,"16":0,"17":0,"18":0,"19":0,"20":0},"fnMap":{"1":{"name":"(anonymous_1)","line":2,"loc":{"start":{"line":2,"column":1},"end":{"line":2,"column":11}}},"2":{"name":"(anonymous_2)","line":8,"loc":{"start":{"line":8,"column":18},"end":{"line":8,"column":42}}},"3":{"name":"(anonymous_3)","line":17,"loc":{"start":{"line":17,"column":25},"end":{"line":17,"column":35}}},"4":{"name":"(anonymous_4)","line":40,"loc":{"start":{"line":40,"column":20},"end":{"line":40,"column":53}}},"5":{"name":"(anonymous_5)","line":56,"loc":{"start":{"line":56,"column":18},"end":{"line":56,"column":34}}},"6":{"name":"(anonymous_6)","line":67,"loc":{"start":{"line":67,"column":18},"end":{"line":67,"column":49}}},"7":{"name":"(anonymous_7)","line":79,"loc":{"start":{"line":79,"column":21},"end":{"line":79,"column":36}}},"8":{"name":"(anonymous_8)","line":93,"loc":{"start":{"line":93,"column":20},"end":{"line":93,"column":71}}},"9":{"name":"(anonymous_9)","line":122,"loc":{"start":{"line":122,"column":19},"end":{"line":122,"column":40}}},"10":{"name":"(anonymous_10)","line":128,"loc":{"start":{"line":128,"column":32},"end":{"line":128,"column":42}}},"11":{"name":"(anonymous_11)","line":143,"loc":{"start":{"line":143,"column":18},"end":{"line":143,"column":33}}},"12":{"name":"(anonymous_12)","line":154,"loc":{"start":{"line":154,"column":24},"end":{"line":154,"column":38}}},"13":{"name":"(anonymous_13)","line":166,"loc":{"start":{"line":166,"column":24},"end":{"line":166,"column":34}}},"14":{"name":"(anonymous_14)","line":178,"loc":{"start":{"line":178,"column":25},"end":{"line":178,"column":35}}},"15":{"name":"(anonymous_15)","line":193,"loc":{"start":{"line":193,"column":17},"end":{"line":193,"column":41}}},"16":{"name":"(anonymous_16)","line":206,"loc":{"start":{"line":206,"column":14},"end":{"line":206,"column":36}}},"17":{"name":"(anonymous_17)","line":211,"loc":{"start":{"line":211,"column":17},"end":{"line":211,"column":30}}},"18":{"name":"(anonymous_18)","line":225,"loc":{"start":{"line":225,"column":25},"end":{"line":225,"column":70}}},"19":{"name":"(anonymous_19)","line":235,"loc":{"start":{"line":235,"column":22},"end":{"line":235,"column":32}}},"20":{"name":"(anonymous_20)","line":248,"loc":{"start":{"line":248,"column":21},"end":{"line":248,"column":49}}}},"statementMap":{"1":{"start":{"line":2,"column":0},"end":{"line":284,"column":5}},"2":{"start":{"line":5,"column":4},"end":{"line":283,"column":7}},"3":{"start":{"line":9,"column":12},"end":{"line":9,"column":36}},"4":{"start":{"line":10,"column":12},"end":{"line":10,"column":36}},"5":{"start":{"line":11,"column":12},"end":{"line":11,"column":57}},"6":{"start":{"line":12,"column":12},"end":{"line":12,"column":34}},"7":{"start":{"line":13,"column":12},"end":{"line":13,"column":50}},"8":{"start":{"line":18,"column":12},"end":{"line":18,"column":49}},"9":{"start":{"line":23,"column":12},"end":{"line":25,"column":13}},"10":{"start":{"line":24,"column":16},"end":{"line":24,"column":63}},"11":{"start":{"line":27,"column":12},"end":{"line":31,"column":13}},"12":{"start":{"line":28,"column":16},"end":{"line":28,"column":26}},"13":{"start":{"line":30,"column":16},"end":{"line":30,"column":28}},"14":{"start":{"line":41,"column":12},"end":{"line":41,"column":33}},"15":{"start":{"line":42,"column":12},"end":{"line":44,"column":13}},"16":{"start":{"line":43,"column":16},"end":{"line":43,"column":58}},"17":{"start":{"line":46,"column":12},"end":{"line":48,"column":13}},"18":{"start":{"line":47,"column":16},"end":{"line":47,"column":84}},"19":{"start":{"line":57,"column":10},"end":{"line":57,"column":46}},"20":{"start":{"line":68,"column":12},"end":{"line":68,"column":62}},"21":{"start":{"line":69,"column":12},"end":{"line":71,"column":13}},"22":{"start":{"line":70,"column":16},"end":{"line":70,"column":64}},"23":{"start":{"line":81,"column":12},"end":{"line":83,"column":13}},"24":{"start":{"line":82,"column":16},"end":{"line":82,"column":45}},"25":{"start":{"line":85,"column":12},"end":{"line":87,"column":13}},"26":{"start":{"line":86,"column":16},"end":{"line":86,"column":55}},"27":{"start":{"line":95,"column":12},"end":{"line":97,"column":13}},"28":{"start":{"line":96,"column":14},"end":{"line":96,"column":31}},"29":{"start":{"line":98,"column":12},"end":{"line":103,"column":14}},"30":{"start":{"line":105,"column":12},"end":{"line":105,"column":44}},"31":{"start":{"line":105,"column":24},"end":{"line":105,"column":42}},"32":{"start":{"line":106,"column":12},"end":{"line":108,"column":13}},"33":{"start":{"line":107,"column":16},"end":{"line":107,"column":46}},"34":{"start":{"line":110,"column":12},"end":{"line":115,"column":13}},"35":{"start":{"line":111,"column":14},"end":{"line":111,"column":118}},"36":{"start":{"line":113,"column":14},"end":{"line":113,"column":51}},"37":{"start":{"line":114,"column":14},"end":{"line":114,"column":41}},"38":{"start":{"line":123,"column":10},"end":{"line":123,"column":26}},"39":{"start":{"line":124,"column":10},"end":{"line":136,"column":11}},"40":{"start":{"line":125,"column":12},"end":{"line":125,"column":42}},"41":{"start":{"line":126,"column":12},"end":{"line":126,"column":41}},"42":{"start":{"line":128,"column":12},"end":{"line":130,"column":20}},"43":{"start":{"line":129,"column":16},"end":{"line":129,"column":46}},"44":{"start":{"line":132,"column":12},"end":{"line":132,"column":56}},"45":{"start":{"line":135,"column":12},"end":{"line":135,"column":73}},"46":{"start":{"line":144,"column":13},"end":{"line":144,"column":46}},"47":{"start":{"line":155,"column":12},"end":{"line":157,"column":13}},"48":{"start":{"line":156,"column":16},"end":{"line":156,"column":55}},"49":{"start":{"line":158,"column":12},"end":{"line":158,"column":37}},"50":{"start":{"line":159,"column":12},"end":{"line":159,"column":50}},"51":{"start":{"line":167,"column":12},"end":{"line":171,"column":13}},"52":{"start":{"line":168,"column":16},"end":{"line":168,"column":41}},"53":{"start":{"line":170,"column":16},"end":{"line":170,"column":26}},"54":{"start":{"line":179,"column":12},"end":{"line":183,"column":13}},"55":{"start":{"line":180,"column":16},"end":{"line":180,"column":42}},"56":{"start":{"line":182,"column":16},"end":{"line":182,"column":26}},"57":{"start":{"line":194,"column":12},"end":{"line":194,"column":45}},"58":{"start":{"line":208,"column":12},"end":{"line":208,"column":47}},"59":{"start":{"line":213,"column":12},"end":{"line":213,"column":48}},"60":{"start":{"line":214,"column":12},"end":{"line":217,"column":42}},"61":{"start":{"line":227,"column":12},"end":{"line":227,"column":81}},"62":{"start":{"line":228,"column":12},"end":{"line":228,"column":31}},"63":{"start":{"line":236,"column":12},"end":{"line":239,"column":13}},"64":{"start":{"line":238,"column":16},"end":{"line":238,"column":73}},"65":{"start":{"line":249,"column":10},"end":{"line":253,"column":11}},"66":{"start":{"line":251,"column":12},"end":{"line":251,"column":83}},"67":{"start":{"line":252,"column":12},"end":{"line":252,"column":19}},"68":{"start":{"line":255,"column":10},"end":{"line":255,"column":41}},"69":{"start":{"line":255,"column":24},"end":{"line":255,"column":39}},"70":{"start":{"line":258,"column":10},"end":{"line":262,"column":12}},"71":{"start":{"line":263,"column":10},"end":{"line":263,"column":46}},"72":{"start":{"line":265,"column":10},"end":{"line":273,"column":11}},"73":{"start":{"line":266,"column":12},"end":{"line":269,"column":15}},"74":{"start":{"line":271,"column":12},"end":{"line":271,"column":44}},"75":{"start":{"line":272,"column":12},"end":{"line":272,"column":39}},"76":{"start":{"line":274,"column":10},"end":{"line":274,"column":35}},"77":{"start":{"line":277,"column":10},"end":{"line":277,"column":27}},"78":{"start":{"line":278,"column":10},"end":{"line":278,"column":52}},"79":{"start":{"line":278,"column":37},"end":{"line":278,"column":50}},"80":{"start":{"line":279,"column":10},"end":{"line":279,"column":50}},"81":{"start":{"line":279,"column":35},"end":{"line":279,"column":48}},"82":{"start":{"line":280,"column":10},"end":{"line":280,"column":43}}},"branchMap":{"1":{"line":10,"type":"binary-expr","locations":[{"start":{"line":10,"column":22},"end":{"line":10,"column":29}},{"start":{"line":10,"column":33},"end":{"line":10,"column":35}}]},"2":{"line":23,"type":"if","locations":[{"start":{"line":23,"column":12},"end":{"line":23,"column":12}},{"start":{"line":23,"column":12},"end":{"line":23,"column":12}}]},"3":{"line":23,"type":"binary-expr","locations":[{"start":{"line":23,"column":15},"end":{"line":23,"column":47}},{"start":{"line":23,"column":51},"end":{"line":23,"column":55}},{"start":{"line":23,"column":59},"end":{"line":23,"column":119}}]},"4":{"line":27,"type":"if","locations":[{"start":{"line":27,"column":12},"end":{"line":27,"column":12}},{"start":{"line":27,"column":12},"end":{"line":27,"column":12}}]},"5":{"line":41,"type":"binary-expr","locations":[{"start":{"line":41,"column":21},"end":{"line":41,"column":26}},{"start":{"line":41,"column":30},"end":{"line":41,"column":32}}]},"6":{"line":42,"type":"if","locations":[{"start":{"line":42,"column":12},"end":{"line":42,"column":12}},{"start":{"line":42,"column":12},"end":{"line":42,"column":12}}]},"7":{"line":46,"type":"if","locations":[{"start":{"line":46,"column":12},"end":{"line":46,"column":12}},{"start":{"line":46,"column":12},"end":{"line":46,"column":12}}]},"8":{"line":69,"type":"if","locations":[{"start":{"line":69,"column":12},"end":{"line":69,"column":12}},{"start":{"line":69,"column":12},"end":{"line":69,"column":12}}]},"9":{"line":69,"type":"binary-expr","locations":[{"start":{"line":69,"column":15},"end":{"line":69,"column":22}},{"start":{"line":69,"column":26},"end":{"line":69,"column":39}}]},"10":{"line":81,"type":"if","locations":[{"start":{"line":81,"column":12},"end":{"line":81,"column":12}},{"start":{"line":81,"column":12},"end":{"line":81,"column":12}}]},"11":{"line":85,"type":"if","locations":[{"start":{"line":85,"column":12},"end":{"line":85,"column":12}},{"start":{"line":85,"column":12},"end":{"line":85,"column":12}}]},"12":{"line":95,"type":"if","locations":[{"start":{"line":95,"column":12},"end":{"line":95,"column":12}},{"start":{"line":95,"column":12},"end":{"line":95,"column":12}}]},"13":{"line":105,"type":"if","locations":[{"start":{"line":105,"column":12},"end":{"line":105,"column":12}},{"start":{"line":105,"column":12},"end":{"line":105,"column":12}}]},"14":{"line":106,"type":"if","locations":[{"start":{"line":106,"column":12},"end":{"line":106,"column":12}},{"start":{"line":106,"column":12},"end":{"line":106,"column":12}}]},"15":{"line":110,"type":"if","locations":[{"start":{"line":110,"column":12},"end":{"line":110,"column":12}},{"start":{"line":110,"column":12},"end":{"line":110,"column":12}}]},"16":{"line":124,"type":"if","locations":[{"start":{"line":124,"column":10},"end":{"line":124,"column":10}},{"start":{"line":124,"column":10},"end":{"line":124,"column":10}}]},"17":{"line":124,"type":"binary-expr","locations":[{"start":{"line":124,"column":13},"end":{"line":124,"column":24}},{"start":{"line":124,"column":28},"end":{"line":124,"column":50}}]},"18":{"line":155,"type":"if","locations":[{"start":{"line":155,"column":12},"end":{"line":155,"column":12}},{"start":{"line":155,"column":12},"end":{"line":155,"column":12}}]},"19":{"line":167,"type":"if","locations":[{"start":{"line":167,"column":12},"end":{"line":167,"column":12}},{"start":{"line":167,"column":12},"end":{"line":167,"column":12}}]},"20":{"line":179,"type":"if","locations":[{"start":{"line":179,"column":12},"end":{"line":179,"column":12}},{"start":{"line":179,"column":12},"end":{"line":179,"column":12}}]},"21":{"line":236,"type":"if","locations":[{"start":{"line":236,"column":12},"end":{"line":236,"column":12}},{"start":{"line":236,"column":12},"end":{"line":236,"column":12}}]},"22":{"line":249,"type":"if","locations":[{"start":{"line":249,"column":10},"end":{"line":249,"column":10}},{"start":{"line":249,"column":10},"end":{"line":249,"column":10}}]},"23":{"line":255,"type":"if","locations":[{"start":{"line":255,"column":10},"end":{"line":255,"column":10}},{"start":{"line":255,"column":10},"end":{"line":255,"column":10}}]},"24":{"line":265,"type":"if","locations":[{"start":{"line":265,"column":10},"end":{"line":265,"column":10}},{"start":{"line":265,"column":10},"end":{"line":265,"column":10}}]},"25":{"line":278,"type":"if","locations":[{"start":{"line":278,"column":10},"end":{"line":278,"column":10}},{"start":{"line":278,"column":10},"end":{"line":278,"column":10}}]},"26":{"line":279,"type":"if","locations":[{"start":{"line":279,"column":10},"end":{"line":279,"column":10}},{"start":{"line":279,"column":10},"end":{"line":279,"column":10}}]}}},"app/scripts/base/controllers.js":{"path":"app/scripts/base/controllers.js","s":{"1":1,"2":0,"3":1,"4":1,"5":1,"6":0,"7":0,"8":0,"9":0,"10":0,"11":0,"12":0,"13":0,"14":0,"15":0,"16":0,"17":0,"18":0,"19":0,"20":0,"21":0,"22":0,"23":0,"24":0,"25":0,"26":0,"27":0,"28":0},"b":{"1":[0,1],"2":[1,1],"3":[0,0],"4":[0,0]},"f":{"1":1,"2":1,"3":0,"4":0,"5":0,"6":0,"7":0,"8":0,"9":0,"10":0,"11":0,"12":0,"13":0,"14":0,"15":0,"16":0,"17":0,"18":0,"19":0},"fnMap":{"1":{"name":"(anonymous_1)","line":5,"loc":{"start":{"line":5,"column":1},"end":{"line":5,"column":13}}},"2":{"name":"(anonymous_2)","line":8,"loc":{"start":{"line":8,"column":34},"end":{"line":8,"column":89}}},"3":{"name":"(anonymous_3)","line":25,"loc":{"start":{"line":25,"column":25},"end":{"line":25,"column":42}}},"4":{"name":"(anonymous_4)","line":40,"loc":{"start":{"line":40,"column":19},"end":{"line":40,"column":36}}},"5":{"name":"(anonymous_5)","line":56,"loc":{"start":{"line":56,"column":29},"end":{"line":56,"column":41}}},"6":{"name":"(anonymous_6)","line":66,"loc":{"start":{"line":66,"column":23},"end":{"line":66,"column":55}}},"7":{"name":"(anonymous_7)","line":71,"loc":{"start":{"line":71,"column":23},"end":{"line":71,"column":33}}},"8":{"name":"(anonymous_8)","line":75,"loc":{"start":{"line":75,"column":30},"end":{"line":75,"column":40}}},"9":{"name":"(anonymous_9)","line":79,"loc":{"start":{"line":79,"column":30},"end":{"line":79,"column":40}}},"10":{"name":"(anonymous_10)","line":84,"loc":{"start":{"line":84,"column":26},"end":{"line":84,"column":36}}},"11":{"name":"(anonymous_11)","line":87,"loc":{"start":{"line":87,"column":26},"end":{"line":87,"column":36}}},"12":{"name":"(anonymous_12)","line":91,"loc":{"start":{"line":91,"column":25},"end":{"line":91,"column":35}}},"13":{"name":"(anonymous_13)","line":96,"loc":{"start":{"line":96,"column":25},"end":{"line":96,"column":35}}},"14":{"name":"(anonymous_14)","line":104,"loc":{"start":{"line":104,"column":28},"end":{"line":104,"column":47}}},"15":{"name":"(anonymous_15)","line":109,"loc":{"start":{"line":109,"column":27},"end":{"line":109,"column":39}}},"16":{"name":"(anonymous_16)","line":115,"loc":{"start":{"line":115,"column":27},"end":{"line":115,"column":39}}},"17":{"name":"(anonymous_17)","line":120,"loc":{"start":{"line":120,"column":29},"end":{"line":120,"column":46}}},"18":{"name":"(anonymous_18)","line":130,"loc":{"start":{"line":130,"column":33},"end":{"line":130,"column":52}}},"19":{"name":"(anonymous_19)","line":137,"loc":{"start":{"line":137,"column":29},"end":{"line":137,"column":41}}}},"statementMap":{"1":{"start":{"line":2,"column":0},"end":{"line":4,"column":1}},"2":{"start":{"line":3,"column":4},"end":{"line":3,"column":22}},"3":{"start":{"line":5,"column":0},"end":{"line":146,"column":5}},"4":{"start":{"line":8,"column":4},"end":{"line":145,"column":7}},"5":{"start":{"line":18,"column":8},"end":{"line":143,"column":11}},"6":{"start":{"line":26,"column":16},"end":{"line":28,"column":17}},"7":{"start":{"line":27,"column":20},"end":{"line":27,"column":32}},"8":{"start":{"line":30,"column":16},"end":{"line":30,"column":78}},"9":{"start":{"line":32,"column":16},"end":{"line":32,"column":65}},"10":{"start":{"line":33,"column":16},"end":{"line":33,"column":87}},"11":{"start":{"line":42,"column":16},"end":{"line":42,"column":36}},"12":{"start":{"line":43,"column":16},"end":{"line":43,"column":75}},"13":{"start":{"line":57,"column":8},"end":{"line":57,"column":52}},"14":{"start":{"line":67,"column":8},"end":{"line":67,"column":63}},"15":{"start":{"line":72,"column":10},"end":{"line":72,"column":35}},"16":{"start":{"line":76,"column":12},"end":{"line":76,"column":49}},"17":{"start":{"line":80,"column":12},"end":{"line":80,"column":49}},"18":{"start":{"line":85,"column":10},"end":{"line":85,"column":46}},"19":{"start":{"line":88,"column":12},"end":{"line":88,"column":47}},"20":{"start":{"line":92,"column":10},"end":{"line":92,"column":38}},"21":{"start":{"line":97,"column":10},"end":{"line":97,"column":43}},"22":{"start":{"line":105,"column":12},"end":{"line":105,"column":57}},"23":{"start":{"line":110,"column":12},"end":{"line":110,"column":40}},"24":{"start":{"line":111,"column":12},"end":{"line":111,"column":48}},"25":{"start":{"line":116,"column":12},"end":{"line":116,"column":48}},"26":{"start":{"line":121,"column":12},"end":{"line":121,"column":55}},"27":{"start":{"line":131,"column":12},"end":{"line":131,"column":58}},"28":{"start":{"line":138,"column":12},"end":{"line":138,"column":44}}},"branchMap":{"1":{"line":2,"type":"if","locations":[{"start":{"line":2,"column":0},"end":{"line":2,"column":0}},{"start":{"line":2,"column":0},"end":{"line":2,"column":0}}]},"2":{"line":2,"type":"binary-expr","locations":[{"start":{"line":2,"column":4},"end":{"line":2,"column":17}},{"start":{"line":2,"column":21},"end":{"line":2,"column":53}}]},"3":{"line":26,"type":"if","locations":[{"start":{"line":26,"column":16},"end":{"line":26,"column":16}},{"start":{"line":26,"column":16},"end":{"line":26,"column":16}}]},"4":{"line":30,"type":"binary-expr","locations":[{"start":{"line":30,"column":30},"end":{"line":30,"column":44}},{"start":{"line":30,"column":48},"end":{"line":30,"column":77}}]}}},"app/scripts/base/overrides/marionette.renderer.js":{"path":"app/scripts/base/overrides/marionette.renderer.js","s":{"1":1,"2":1,"3":0,"4":0,"5":0,"6":0,"7":0,"8":0,"9":0,"10":0,"11":0,"12":0,"13":0,"14":0,"15":0,"16":0,"17":0},"b":{"1":[0,0],"2":[0,0],"3":[0,0],"4":[0,0]},"f":{"1":1,"2":0,"3":0,"4":0},"fnMap":{"1":{"name":"(anonymous_1)","line":1,"loc":{"start":{"line":1,"column":1},"end":{"line":1,"column":11}}},"2":{"name":"(anonymous_2)","line":10,"loc":{"start":{"line":10,"column":16},"end":{"line":10,"column":40}}},"3":{"name":"(anonymous_3)","line":22,"loc":{"start":{"line":22,"column":21},"end":{"line":22,"column":39}}},"4":{"name":"(anonymous_4)","line":32,"loc":{"start":{"line":32,"column":37},"end":{"line":32,"column":56}}}},"statementMap":{"1":{"start":{"line":1,"column":0},"end":{"line":43,"column":5}},"2":{"start":{"line":4,"column":4},"end":{"line":42,"column":7}},"3":{"start":{"line":11,"column":12},"end":{"line":18,"column":13}},"4":{"start":{"line":12,"column":16},"end":{"line":12,"column":58}},"5":{"start":{"line":13,"column":16},"end":{"line":17,"column":17}},"6":{"start":{"line":14,"column":20},"end":{"line":14,"column":66}},"7":{"start":{"line":16,"column":20},"end":{"line":16,"column":46}},"8":{"start":{"line":25,"column":12},"end":{"line":25,"column":33}},"9":{"start":{"line":26,"column":12},"end":{"line":38,"column":13}},"10":{"start":{"line":27,"column":16},"end":{"line":27,"column":45}},"11":{"start":{"line":28,"column":16},"end":{"line":28,"column":46}},"12":{"start":{"line":29,"column":16},"end":{"line":29,"column":40}},"13":{"start":{"line":32,"column":16},"end":{"line":37,"column":24}},"14":{"start":{"line":33,"column":20},"end":{"line":36,"column":21}},"15":{"start":{"line":34,"column":24},"end":{"line":34,"column":58}},"16":{"start":{"line":35,"column":24},"end":{"line":35,"column":36}},"17":{"start":{"line":39,"column":12},"end":{"line":39,"column":36}}},"branchMap":{"1":{"line":11,"type":"if","locations":[{"start":{"line":11,"column":12},"end":{"line":11,"column":12}},{"start":{"line":11,"column":12},"end":{"line":11,"column":12}}]},"2":{"line":13,"type":"if","locations":[{"start":{"line":13,"column":16},"end":{"line":13,"column":16}},{"start":{"line":13,"column":16},"end":{"line":13,"column":16}}]},"3":{"line":26,"type":"if","locations":[{"start":{"line":26,"column":12},"end":{"line":26,"column":12}},{"start":{"line":26,"column":12},"end":{"line":26,"column":12}}]},"4":{"line":33,"type":"if","locations":[{"start":{"line":33,"column":20},"end":{"line":33,"column":20}},{"start":{"line":33,"column":20},"end":{"line":33,"column":20}}]}}},"app/scripts/bootstrapper.js":{"path":"app/scripts/bootstrapper.js","s":{"1":1,"2":1},"b":{},"f":{"1":1},"fnMap":{"1":{"name":"(anonymous_1)","line":15,"loc":{"start":{"line":15,"column":2},"end":{"line":15,"column":14}}}},"statementMap":{"1":{"start":{"line":15,"column":0},"end":{"line":20,"column":3}},"2":{"start":{"line":17,"column":4},"end":{"line":19,"column":7}}},"branchMap":{}},"app/scripts/components/mapmanager/dojo_map_controller.js":{"path":"app/scripts/components/mapmanager/dojo_map_controller.js","s":{"1":1,"2":0,"3":1,"4":1,"5":1,"6":0,"7":1,"8":0,"9":1,"10":0,"11":1,"12":0,"13":1,"14":0,"15":1,"16":0,"17":1,"18":0,"19":1,"20":0,"21":1,"22":0,"23":1,"24":0,"25":1,"26":0,"27":1,"28":0,"29":1,"30":0,"31":0,"32":1,"33":0,"34":1,"35":0,"36":1,"37":0,"38":1,"39":0,"40":1,"41":0,"42":0,"43":1,"44":0,"45":1,"46":0,"47":1,"48":0,"49":1,"50":0,"51":1,"52":0,"53":1,"54":0,"55":1,"56":0,"57":1,"58":0,"59":1,"60":0,"61":0,"62":1,"63":0,"64":1,"65":0,"66":0,"67":0,"68":0,"69":0,"70":0,"71":1,"72":0,"73":1,"74":0,"75":1,"76":0,"77":1,"78":0,"79":1,"80":0,"81":0,"82":0,"83":0,"84":0,"85":0,"86":0,"87":0,"88":0,"89":0,"90":0,"91":0,"92":0,"93":0,"94":0,"95":0,"96":0,"97":0,"98":0,"99":0,"100":0,"101":0,"102":0,"103":0,"104":0,"105":0,"106":0,"107":0,"108":0,"109":0,"110":0,"111":0,"112":0,"113":0,"114":0,"115":0,"116":0,"117":0,"118":0,"119":0,"120":0,"121":0,"122":0,"123":0,"124":0,"125":0,"126":0,"127":0,"128":0,"129":0,"130":0,"131":0,"132":0,"133":0,"134":0,"135":0,"136":0,"137":0,"138":0,"139":0,"140":0,"141":0,"142":0,"143":0,"144":0,"145":0,"146":0,"147":0,"148":0,"149":0,"150":0,"151":0,"152":0,"153":0,"154":0,"155":0,"156":0,"157":0,"158":0,"159":0,"160":0,"161":0,"162":0,"163":0,"164":0,"165":0,"166":0,"167":0,"168":0,"169":0,"170":0,"171":0,"172":0,"173":0,"174":0,"175":0,"176":0,"177":0,"178":0,"179":0,"180":0,"181":0,"182":0,"183":0,"184":0,"185":0,"186":0,"187":0,"188":0,"189":0,"190":0,"191":0,"192":0,"193":0,"194":0,"195":0,"196":0,"197":0,"198":0,"199":0,"200":0,"201":0,"202":0,"203":0,"204":0,"205":0,"206":0,"207":0,"208":0,"209":0,"210":0,"211":0,"212":0,"213":0,"214":0,"215":0,"216":0,"217":0,"218":0,"219":0,"220":0,"221":0,"222":0,"223":0,"224":0,"225":0,"226":0,"227":0,"228":0,"229":0,"230":0,"231":0,"232":0,"233":0,"234":0,"235":0,"236":0,"237":0,"238":0,"239":0,"240":0,"241":0,"242":0,"243":0,"244":0,"245":0,"246":0,"247":0,"248":0,"249":0,"250":0,"251":0,"252":0,"253":0,"254":0,"255":0,"256":0,"257":0,"258":0,"259":0,"260":0,"261":0,"262":0,"263":0,"264":0,"265":0,"266":0,"267":0,"268":0,"269":0,"270":0,"271":0,"272":0,"273":0,"274":0,"275":0,"276":0,"277":0,"278":0,"279":0,"280":0,"281":0,"282":0,"283":0,"284":0,"285":0,"286":0,"287":0,"288":0,"289":0,"290":0,"291":0,"292":0,"293":0,"294":0,"295":0,"296":0,"297":0,"298":0,"299":0,"300":0,"301":0,"302":0,"303":0,"304":0,"305":0,"306":0,"307":0,"308":0,"309":0,"310":0,"311":0,"312":0,"313":0,"314":0,"315":0,"316":0,"317":0,"318":0,"319":0,"320":0,"321":0,"322":0,"323":0,"324":0,"325":0,"326":0,"327":0,"328":0,"329":0,"330":0,"331":0,"332":0,"333":0,"334":0,"335":0,"336":0,"337":0,"338":0,"339":0,"340":0,"341":0,"342":0,"343":0,"344":0,"345":0,"346":0,"347":0,"348":0,"349":0,"350":0,"351":0,"352":0,"353":0,"354":0,"355":0,"356":0,"357":0,"358":0,"359":0,"360":0,"361":0,"362":0,"363":0,"364":0,"365":0,"366":0,"367":0,"368":0,"369":0,"370":0,"371":0,"372":0,"373":0,"374":0,"375":0,"376":0,"377":0,"378":0,"379":0,"380":0,"381":0,"382":0,"383":0,"384":0,"385":0,"386":0,"387":0,"388":0,"389":0,"390":0,"391":0,"392":0,"393":0,"394":0,"395":0,"396":0,"397":0,"398":0,"399":0,"400":0,"401":0,"402":0,"403":0,"404":0,"405":0,"406":0,"407":0,"408":0,"409":0,"410":0,"411":0,"412":0,"413":0,"414":0,"415":0,"416":0,"417":0,"418":0,"419":0,"420":0,"421":0,"422":0,"423":0,"424":0,"425":0,"426":0,"427":0,"428":0,"429":0,"430":0,"431":0,"432":0,"433":0,"434":0,"435":0,"436":0,"437":0,"438":0,"439":0,"440":0,"441":0,"442":0,"443":0,"444":0,"445":0,"446":0,"447":0,"448":0,"449":0,"450":0,"451":0,"452":0,"453":0,"454":0,"455":0,"456":0,"457":0,"458":0,"459":0,"460":0,"461":0,"462":0,"463":0,"464":0,"465":0,"466":0,"467":0,"468":0,"469":0,"470":0,"471":0,"472":0,"473":0,"474":0,"475":0,"476":0,"477":0,"478":0,"479":0,"480":0,"481":0,"482":0,"483":0,"484":0,"485":0,"486":0,"487":0,"488":0,"489":0},"b":{"1":[0,1],"2":[1,1],"3":[0,0],"4":[0,0],"5":[0,0],"6":[0,0],"7":[0,0],"8":[0,0],"9":[0,0],"10":[0,0],"11":[0,0],"12":[0,0],"13":[0,0],"14":[0,0],"15":[0,0],"16":[0,0],"17":[0,0],"18":[0,0],"19":[0,0],"20":[0,0],"21":[0,0],"22":[0,0],"23":[0,0],"24":[0,0],"25":[0,0],"26":[0,0],"27":[0,0],"28":[0,0],"29":[0,0],"30":[0,0],"31":[0,0],"32":[0,0],"33":[0,0],"34":[0,0],"35":[0,0],"36":[0,0],"37":[0,0],"38":[0,0],"39":[0,0],"40":[0,0],"41":[0,0],"42":[0,0],"43":[0,0],"44":[0,0],"45":[0,0],"46":[0,0],"47":[0,0],"48":[0,0],"49":[0,0],"50":[0,0],"51":[0,0],"52":[0,0,0,0,0,0],"53":[0,0],"54":[0,0],"55":[0,0],"56":[0,0,0,0,0],"57":[0,0],"58":[0,0],"59":[0,0],"60":[0,0],"61":[0,0],"62":[0,0],"63":[0,0],"64":[0,0],"65":[0,0],"66":[0,0,0],"67":[0,0],"68":[0,0],"69":[0,0],"70":[0,0],"71":[0,0],"72":[0,0],"73":[0,0],"74":[0,0],"75":[0,0],"76":[0,0],"77":[0,0],"78":[0,0],"79":[0,0,0],"80":[0,0],"81":[0,0],"82":[0,0],"83":[0,0],"84":[0,0],"85":[0,0],"86":[0,0],"87":[0,0],"88":[0,0],"89":[0,0],"90":[0,0],"91":[0,0],"92":[0,0],"93":[0,0],"94":[0,0],"95":[0,0],"96":[0,0],"97":[0,0],"98":[0,0],"99":[0,0],"100":[0,0],"101":[0,0],"102":[0,0],"103":[0,0],"104":[0,0],"105":[0,0],"106":[0,0],"107":[0,0],"108":[0,0],"109":[0,0],"110":[0,0],"111":[0,0,0],"112":[0,0],"113":[0,0],"114":[0,0],"115":[0,0],"116":[0,0],"117":[0,0]},"f":{"1":1,"2":1,"3":0,"4":0,"5":0,"6":0,"7":0,"8":0,"9":0,"10":0,"11":0,"12":0,"13":0,"14":0,"15":0,"16":0,"17":0,"18":0,"19":0,"20":0,"21":0,"22":0,"23":0,"24":0,"25":0,"26":0,"27":0,"28":0,"29":0,"30":0,"31":0,"32":0,"33":0,"34":0,"35":0,"36":0,"37":0,"38":0,"39":0,"40":0,"41":0,"42":0,"43":0,"44":0,"45":0,"46":0,"47":0,"48":0,"49":0,"50":0,"51":0,"52":0,"53":0,"54":0,"55":0,"56":0,"57":0,"58":0,"59":0,"60":0,"61":0,"62":0,"63":0,"64":0,"65":0,"66":0,"67":0,"68":0,"69":0,"70":0,"71":0,"72":0,"73":0,"74":0,"75":0,"76":0,"77":0,"78":0,"79":0,"80":0,"81":0,"82":0,"83":0,"84":0,"85":0,"86":0,"87":0,"88":0,"89":0,"90":0,"91":0,"92":0,"93":0,"94":0,"95":0,"96":0,"97":0,"98":0,"99":0,"100":0,"101":0,"102":0,"103":0,"104":0,"105":0,"106":0,"107":0,"108":0,"109":0,"110":0,"111":0,"112":0,"113":0,"114":0,"115":0,"116":0,"117":0,"118":0,"119":0,"120":0},"fnMap":{"1":{"name":"(anonymous_1)","line":5,"loc":{"start":{"line":5,"column":1},"end":{"line":5,"column":13}}},"2":{"name":"(anonymous_2)","line":13,"loc":{"start":{"line":13,"column":45},"end":{"line":13,"column":103}}},"3":{"name":"(anonymous_3)","line":15,"loc":{"start":{"line":15,"column":33},"end":{"line":15,"column":52}}},"4":{"name":"(anonymous_4)","line":27,"loc":{"start":{"line":27,"column":47},"end":{"line":27,"column":79}}},"5":{"name":"(anonymous_5)","line":35,"loc":{"start":{"line":35,"column":47},"end":{"line":35,"column":77}}},"6":{"name":"(anonymous_6)","line":43,"loc":{"start":{"line":43,"column":50},"end":{"line":43,"column":60}}},"7":{"name":"(anonymous_7)","line":50,"loc":{"start":{"line":50,"column":42},"end":{"line":50,"column":77}}},"8":{"name":"(anonymous_8)","line":57,"loc":{"start":{"line":57,"column":41},"end":{"line":57,"column":51}}},"9":{"name":"(anonymous_9)","line":65,"loc":{"start":{"line":65,"column":51},"end":{"line":65,"column":70}}},"10":{"name":"(anonymous_10)","line":69,"loc":{"start":{"line":69,"column":49},"end":{"line":69,"column":59}}},"11":{"name":"(anonymous_11)","line":79,"loc":{"start":{"line":79,"column":44},"end":{"line":79,"column":54}}},"12":{"name":"(anonymous_12)","line":87,"loc":{"start":{"line":87,"column":49},"end":{"line":87,"column":59}}},"13":{"name":"(anonymous_13)","line":95,"loc":{"start":{"line":95,"column":47},"end":{"line":95,"column":64}}},"14":{"name":"(anonymous_14)","line":103,"loc":{"start":{"line":103,"column":50},"end":{"line":103,"column":69}}},"15":{"name":"(anonymous_15)","line":113,"loc":{"start":{"line":113,"column":42},"end":{"line":113,"column":77}}},"16":{"name":"(anonymous_16)","line":122,"loc":{"start":{"line":122,"column":53},"end":{"line":122,"column":63}}},"17":{"name":"(anonymous_17)","line":130,"loc":{"start":{"line":130,"column":55},"end":{"line":130,"column":74}}},"18":{"name":"(anonymous_18)","line":138,"loc":{"start":{"line":138,"column":53},"end":{"line":138,"column":63}}},"19":{"name":"(anonymous_19)","line":145,"loc":{"start":{"line":145,"column":53},"end":{"line":145,"column":63}}},"20":{"name":"(anonymous_20)","line":153,"loc":{"start":{"line":153,"column":57},"end":{"line":153,"column":98}}},"21":{"name":"(anonymous_21)","line":161,"loc":{"start":{"line":161,"column":60},"end":{"line":161,"column":71}}},"22":{"name":"(anonymous_22)","line":170,"loc":{"start":{"line":170,"column":46},"end":{"line":170,"column":68}}},"23":{"name":"(anonymous_23)","line":178,"loc":{"start":{"line":178,"column":48},"end":{"line":178,"column":71}}},"24":{"name":"(anonymous_24)","line":186,"loc":{"start":{"line":186,"column":54},"end":{"line":186,"column":72}}},"25":{"name":"(anonymous_25)","line":197,"loc":{"start":{"line":197,"column":48},"end":{"line":197,"column":65}}},"26":{"name":"(anonymous_26)","line":203,"loc":{"start":{"line":203,"column":48},"end":{"line":203,"column":58}}},"27":{"name":"(anonymous_27)","line":211,"loc":{"start":{"line":211,"column":58},"end":{"line":211,"column":78}}},"28":{"name":"(anonymous_28)","line":222,"loc":{"start":{"line":222,"column":47},"end":{"line":222,"column":64}}},"29":{"name":"(anonymous_29)","line":232,"loc":{"start":{"line":232,"column":53},"end":{"line":232,"column":70}}},"30":{"name":"(anonymous_30)","line":241,"loc":{"start":{"line":241,"column":53},"end":{"line":241,"column":70}}},"31":{"name":"(anonymous_31)","line":250,"loc":{"start":{"line":250,"column":52},"end":{"line":250,"column":75}}},"32":{"name":"(anonymous_32)","line":267,"loc":{"start":{"line":267,"column":54},"end":{"line":267,"column":71}}},"33":{"name":"(anonymous_33)","line":277,"loc":{"start":{"line":277,"column":48},"end":{"line":277,"column":68}}},"34":{"name":"(anonymous_34)","line":286,"loc":{"start":{"line":286,"column":44},"end":{"line":286,"column":84}}},"35":{"name":"(anonymous_35)","line":293,"loc":{"start":{"line":293,"column":47},"end":{"line":293,"column":87}}},"36":{"name":"(anonymous_36)","line":305,"loc":{"start":{"line":305,"column":18},"end":{"line":305,"column":35}}},"37":{"name":"(anonymous_37)","line":315,"loc":{"start":{"line":315,"column":13},"end":{"line":315,"column":23}}},"38":{"name":"(anonymous_38)","line":322,"loc":{"start":{"line":322,"column":15},"end":{"line":322,"column":33}}},"39":{"name":"(anonymous_39)","line":332,"loc":{"start":{"line":332,"column":18},"end":{"line":332,"column":50}}},"40":{"name":"(anonymous_40)","line":382,"loc":{"start":{"line":382,"column":38},"end":{"line":382,"column":50}}},"41":{"name":"(anonymous_41)","line":396,"loc":{"start":{"line":396,"column":31},"end":{"line":396,"column":42}}},"42":{"name":"(anonymous_42)","line":403,"loc":{"start":{"line":403,"column":45},"end":{"line":403,"column":58}}},"43":{"name":"(anonymous_43)","line":440,"loc":{"start":{"line":440,"column":31},"end":{"line":440,"column":41}}},"44":{"name":"(anonymous_44)","line":456,"loc":{"start":{"line":456,"column":27},"end":{"line":456,"column":46}}},"45":{"name":"(anonymous_45)","line":532,"loc":{"start":{"line":532,"column":31},"end":{"line":532,"column":53}}},"46":{"name":"(anonymous_46)","line":550,"loc":{"start":{"line":550,"column":20},"end":{"line":550,"column":30}}},"47":{"name":"(anonymous_47)","line":561,"loc":{"start":{"line":561,"column":18},"end":{"line":561,"column":47}}},"48":{"name":"(anonymous_48)","line":583,"loc":{"start":{"line":583,"column":26},"end":{"line":583,"column":41}}},"49":{"name":"(anonymous_49)","line":616,"loc":{"start":{"line":616,"column":21},"end":{"line":616,"column":31}}},"50":{"name":"(anonymous_50)","line":626,"loc":{"start":{"line":626,"column":21},"end":{"line":626,"column":59}}},"51":{"name":"(anonymous_51)","line":650,"loc":{"start":{"line":650,"column":23},"end":{"line":650,"column":34}}},"52":{"name":"(anonymous_52)","line":691,"loc":{"start":{"line":691,"column":27},"end":{"line":691,"column":37}}},"53":{"name":"(anonymous_53)","line":710,"loc":{"start":{"line":710,"column":17},"end":{"line":710,"column":52}}},"54":{"name":"(anonymous_54)","line":720,"loc":{"start":{"line":720,"column":33},"end":{"line":720,"column":43}}},"55":{"name":"(anonymous_55)","line":740,"loc":{"start":{"line":740,"column":16},"end":{"line":740,"column":26}}},"56":{"name":"(anonymous_56)","line":758,"loc":{"start":{"line":758,"column":22},"end":{"line":758,"column":39}}},"57":{"name":"(anonymous_57)","line":768,"loc":{"start":{"line":768,"column":22},"end":{"line":768,"column":32}}},"58":{"name":"(anonymous_58)","line":778,"loc":{"start":{"line":778,"column":34},"end":{"line":778,"column":54}}},"59":{"name":"(anonymous_59)","line":789,"loc":{"start":{"line":789,"column":21},"end":{"line":789,"column":40}}},"60":{"name":"(anonymous_60)","line":808,"loc":{"start":{"line":808,"column":31},"end":{"line":808,"column":50}}},"61":{"name":"(anonymous_61)","line":813,"loc":{"start":{"line":813,"column":22},"end":{"line":813,"column":34}}},"62":{"name":"(anonymous_62)","line":832,"loc":{"start":{"line":832,"column":26},"end":{"line":832,"column":48}}},"63":{"name":"(anonymous_63)","line":869,"loc":{"start":{"line":869,"column":25},"end":{"line":869,"column":45}}},"64":{"name":"(anonymous_64)","line":877,"loc":{"start":{"line":877,"column":27},"end":{"line":877,"column":44}}},"65":{"name":"(anonymous_65)","line":898,"loc":{"start":{"line":898,"column":32},"end":{"line":898,"column":51}}},"66":{"name":"(anonymous_66)","line":909,"loc":{"start":{"line":909,"column":33},"end":{"line":909,"column":58}}},"67":{"name":"(anonymous_67)","line":913,"loc":{"start":{"line":913,"column":34},"end":{"line":913,"column":55}}},"68":{"name":"(anonymous_68)","line":929,"loc":{"start":{"line":929,"column":67},"end":{"line":929,"column":83}}},"69":{"name":"(anonymous_69)","line":936,"loc":{"start":{"line":936,"column":67},"end":{"line":936,"column":83}}},"70":{"name":"(anonymous_70)","line":966,"loc":{"start":{"line":966,"column":33},"end":{"line":966,"column":54}}},"71":{"name":"(anonymous_71)","line":979,"loc":{"start":{"line":979,"column":32},"end":{"line":979,"column":51}}},"72":{"name":"(anonymous_72)","line":1000,"loc":{"start":{"line":1000,"column":22},"end":{"line":1000,"column":35}}},"73":{"name":"(anonymous_73)","line":1008,"loc":{"start":{"line":1008,"column":27},"end":{"line":1008,"column":47}}},"74":{"name":"(anonymous_74)","line":1018,"loc":{"start":{"line":1018,"column":25},"end":{"line":1018,"column":45}}},"75":{"name":"(anonymous_75)","line":1037,"loc":{"start":{"line":1037,"column":32},"end":{"line":1037,"column":47}}},"76":{"name":"(anonymous_76)","line":1041,"loc":{"start":{"line":1041,"column":41},"end":{"line":1041,"column":57}}},"77":{"name":"(anonymous_77)","line":1076,"loc":{"start":{"line":1076,"column":27},"end":{"line":1076,"column":37}}},"78":{"name":"(anonymous_78)","line":1096,"loc":{"start":{"line":1096,"column":22},"end":{"line":1096,"column":32}}},"79":{"name":"(anonymous_79)","line":1148,"loc":{"start":{"line":1148,"column":22},"end":{"line":1148,"column":63}}},"80":{"name":"(anonymous_80)","line":1159,"loc":{"start":{"line":1159,"column":25},"end":{"line":1159,"column":65}}},"81":{"name":"(anonymous_81)","line":1174,"loc":{"start":{"line":1174,"column":18},"end":{"line":1174,"column":28}}},"82":{"name":"(anonymous_82)","line":1185,"loc":{"start":{"line":1185,"column":22},"end":{"line":1185,"column":32}}},"83":{"name":"(anonymous_83)","line":1207,"loc":{"start":{"line":1207,"column":31},"end":{"line":1207,"column":48}}},"84":{"name":"(anonymous_84)","line":1218,"loc":{"start":{"line":1218,"column":36},"end":{"line":1218,"column":55}}},"85":{"name":"(anonymous_85)","line":1231,"loc":{"start":{"line":1231,"column":19},"end":{"line":1231,"column":38}}},"86":{"name":"(anonymous_86)","line":1237,"loc":{"start":{"line":1237,"column":23},"end":{"line":1237,"column":42}}},"87":{"name":"(anonymous_87)","line":1241,"loc":{"start":{"line":1241,"column":34},"end":{"line":1241,"column":50}}},"88":{"name":"(anonymous_88)","line":1243,"loc":{"start":{"line":1243,"column":15},"end":{"line":1243,"column":39}}},"89":{"name":"(anonymous_89)","line":1253,"loc":{"start":{"line":1253,"column":24},"end":{"line":1253,"column":48}}},"90":{"name":"(anonymous_90)","line":1259,"loc":{"start":{"line":1259,"column":40},"end":{"line":1259,"column":59}}},"91":{"name":"(anonymous_91)","line":1270,"loc":{"start":{"line":1270,"column":21},"end":{"line":1270,"column":38}}},"92":{"name":"(anonymous_92)","line":1297,"loc":{"start":{"line":1297,"column":34},"end":{"line":1297,"column":56}}},"93":{"name":"(anonymous_93)","line":1308,"loc":{"start":{"line":1308,"column":17},"end":{"line":1308,"column":45}}},"94":{"name":"(anonymous_94)","line":1311,"loc":{"start":{"line":1311,"column":23},"end":{"line":1311,"column":35}}},"95":{"name":"(anonymous_95)","line":1322,"loc":{"start":{"line":1322,"column":24},"end":{"line":1322,"column":36}}},"96":{"name":"(anonymous_96)","line":1334,"loc":{"start":{"line":1334,"column":25},"end":{"line":1334,"column":36}}},"97":{"name":"(anonymous_97)","line":1364,"loc":{"start":{"line":1364,"column":23},"end":{"line":1364,"column":45}}},"98":{"name":"(anonymous_98)","line":1390,"loc":{"start":{"line":1390,"column":20},"end":{"line":1390,"column":34}}},"99":{"name":"(anonymous_99)","line":1413,"loc":{"start":{"line":1413,"column":23},"end":{"line":1413,"column":37}}},"100":{"name":"(anonymous_100)","line":1427,"loc":{"start":{"line":1427,"column":24},"end":{"line":1427,"column":34}}},"101":{"name":"(anonymous_101)","line":1434,"loc":{"start":{"line":1434,"column":24},"end":{"line":1434,"column":41}}},"102":{"name":"(anonymous_102)","line":1455,"loc":{"start":{"line":1455,"column":25},"end":{"line":1455,"column":35}}},"103":{"name":"(anonymous_103)","line":1460,"loc":{"start":{"line":1460,"column":35},"end":{"line":1460,"column":54}}},"104":{"name":"(anonymous_104)","line":1470,"loc":{"start":{"line":1470,"column":30},"end":{"line":1470,"column":41}}},"105":{"name":"(anonymous_105)","line":1478,"loc":{"start":{"line":1478,"column":44},"end":{"line":1478,"column":63}}},"106":{"name":"(anonymous_106)","line":1489,"loc":{"start":{"line":1489,"column":28},"end":{"line":1489,"column":39}}},"107":{"name":"(anonymous_107)","line":1492,"loc":{"start":{"line":1492,"column":50},"end":{"line":1492,"column":61}}},"108":{"name":"(anonymous_108)","line":1502,"loc":{"start":{"line":1502,"column":26},"end":{"line":1502,"column":40}}},"109":{"name":"(anonymous_109)","line":1505,"loc":{"start":{"line":1505,"column":50},"end":{"line":1505,"column":61}}},"110":{"name":"(anonymous_110)","line":1518,"loc":{"start":{"line":1518,"column":30},"end":{"line":1518,"column":41}}},"111":{"name":"(anonymous_111)","line":1527,"loc":{"start":{"line":1527,"column":30},"end":{"line":1527,"column":41}}},"112":{"name":"(anonymous_112)","line":1538,"loc":{"start":{"line":1538,"column":22},"end":{"line":1538,"column":65}}},"113":{"name":"(anonymous_113)","line":1579,"loc":{"start":{"line":1579,"column":18},"end":{"line":1579,"column":38}}},"114":{"name":"(anonymous_114)","line":1590,"loc":{"start":{"line":1590,"column":19},"end":{"line":1590,"column":39}}},"115":{"name":"(anonymous_115)","line":1602,"loc":{"start":{"line":1602,"column":26},"end":{"line":1602,"column":52}}},"116":{"name":"(anonymous_116)","line":1610,"loc":{"start":{"line":1610,"column":33},"end":{"line":1610,"column":58}}},"117":{"name":"(anonymous_117)","line":1615,"loc":{"start":{"line":1615,"column":28},"end":{"line":1615,"column":46}}},"118":{"name":"(anonymous_118)","line":1630,"loc":{"start":{"line":1630,"column":33},"end":{"line":1630,"column":54}}},"119":{"name":"(anonymous_119)","line":1642,"loc":{"start":{"line":1642,"column":20},"end":{"line":1642,"column":45}}},"120":{"name":"(anonymous_120)","line":1671,"loc":{"start":{"line":1671,"column":25},"end":{"line":1671,"column":43}}}},"statementMap":{"1":{"start":{"line":2,"column":0},"end":{"line":4,"column":1}},"2":{"start":{"line":3,"column":4},"end":{"line":3,"column":22}},"3":{"start":{"line":5,"column":0},"end":{"line":1682,"column":5}},"4":{"start":{"line":13,"column":2},"end":{"line":1681,"column":5}},"5":{"start":{"line":15,"column":4},"end":{"line":18,"column":7}},"6":{"start":{"line":17,"column":8},"end":{"line":17,"column":66}},"7":{"start":{"line":27,"column":4},"end":{"line":29,"column":7}},"8":{"start":{"line":28,"column":8},"end":{"line":28,"column":61}},"9":{"start":{"line":35,"column":4},"end":{"line":37,"column":7}},"10":{"start":{"line":36,"column":8},"end":{"line":36,"column":57}},"11":{"start":{"line":43,"column":4},"end":{"line":45,"column":7}},"12":{"start":{"line":44,"column":8},"end":{"line":44,"column":42}},"13":{"start":{"line":50,"column":4},"end":{"line":52,"column":7}},"14":{"start":{"line":51,"column":8},"end":{"line":51,"column":63}},"15":{"start":{"line":57,"column":4},"end":{"line":59,"column":7}},"16":{"start":{"line":58,"column":8},"end":{"line":58,"column":37}},"17":{"start":{"line":65,"column":4},"end":{"line":67,"column":7}},"18":{"start":{"line":66,"column":6},"end":{"line":66,"column":59}},"19":{"start":{"line":69,"column":4},"end":{"line":71,"column":7}},"20":{"start":{"line":70,"column":6},"end":{"line":70,"column":39}},"21":{"start":{"line":79,"column":4},"end":{"line":81,"column":7}},"22":{"start":{"line":80,"column":8},"end":{"line":80,"column":46}},"23":{"start":{"line":87,"column":4},"end":{"line":89,"column":7}},"24":{"start":{"line":88,"column":8},"end":{"line":88,"column":50}},"25":{"start":{"line":95,"column":4},"end":{"line":97,"column":7}},"26":{"start":{"line":96,"column":8},"end":{"line":96,"column":50}},"27":{"start":{"line":103,"column":4},"end":{"line":105,"column":7}},"28":{"start":{"line":104,"column":8},"end":{"line":104,"column":51}},"29":{"start":{"line":113,"column":4},"end":{"line":117,"column":7}},"30":{"start":{"line":114,"column":8},"end":{"line":116,"column":9}},"31":{"start":{"line":115,"column":12},"end":{"line":115,"column":44}},"32":{"start":{"line":122,"column":4},"end":{"line":124,"column":7}},"33":{"start":{"line":123,"column":8},"end":{"line":123,"column":49}},"34":{"start":{"line":130,"column":4},"end":{"line":132,"column":7}},"35":{"start":{"line":131,"column":8},"end":{"line":131,"column":58}},"36":{"start":{"line":138,"column":4},"end":{"line":140,"column":7}},"37":{"start":{"line":139,"column":8},"end":{"line":139,"column":51}},"38":{"start":{"line":145,"column":4},"end":{"line":147,"column":7}},"39":{"start":{"line":146,"column":8},"end":{"line":146,"column":51}},"40":{"start":{"line":153,"column":4},"end":{"line":156,"column":7}},"41":{"start":{"line":154,"column":6},"end":{"line":154,"column":49}},"42":{"start":{"line":155,"column":6},"end":{"line":155,"column":73}},"43":{"start":{"line":161,"column":4},"end":{"line":163,"column":7}},"44":{"start":{"line":162,"column":6},"end":{"line":162,"column":49}},"45":{"start":{"line":170,"column":4},"end":{"line":172,"column":7}},"46":{"start":{"line":171,"column":8},"end":{"line":171,"column":49}},"47":{"start":{"line":178,"column":4},"end":{"line":180,"column":7}},"48":{"start":{"line":179,"column":8},"end":{"line":179,"column":54}},"49":{"start":{"line":186,"column":4},"end":{"line":188,"column":7}},"50":{"start":{"line":187,"column":8},"end":{"line":187,"column":54}},"51":{"start":{"line":197,"column":4},"end":{"line":199,"column":7}},"52":{"start":{"line":198,"column":6},"end":{"line":198,"column":48}},"53":{"start":{"line":203,"column":4},"end":{"line":205,"column":7}},"54":{"start":{"line":204,"column":6},"end":{"line":204,"column":41}},"55":{"start":{"line":211,"column":4},"end":{"line":213,"column":7}},"56":{"start":{"line":212,"column":6},"end":{"line":212,"column":63}},"57":{"start":{"line":222,"column":4},"end":{"line":224,"column":7}},"58":{"start":{"line":223,"column":8},"end":{"line":223,"column":54}},"59":{"start":{"line":232,"column":4},"end":{"line":235,"column":7}},"60":{"start":{"line":233,"column":6},"end":{"line":233,"column":57}},"61":{"start":{"line":234,"column":6},"end":{"line":234,"column":35}},"62":{"start":{"line":241,"column":4},"end":{"line":243,"column":7}},"63":{"start":{"line":242,"column":8},"end":{"line":242,"column":58}},"64":{"start":{"line":250,"column":4},"end":{"line":260,"column":7}},"65":{"start":{"line":251,"column":6},"end":{"line":251,"column":49}},"66":{"start":{"line":252,"column":6},"end":{"line":252,"column":69}},"67":{"start":{"line":253,"column":6},"end":{"line":259,"column":7}},"68":{"start":{"line":255,"column":8},"end":{"line":255,"column":70}},"69":{"start":{"line":256,"column":8},"end":{"line":256,"column":65}},"70":{"start":{"line":258,"column":8},"end":{"line":258,"column":56}},"71":{"start":{"line":267,"column":4},"end":{"line":269,"column":7}},"72":{"start":{"line":268,"column":8},"end":{"line":268,"column":71}},"73":{"start":{"line":277,"column":4},"end":{"line":279,"column":7}},"74":{"start":{"line":278,"column":6},"end":{"line":278,"column":55}},"75":{"start":{"line":286,"column":4},"end":{"line":288,"column":7}},"76":{"start":{"line":287,"column":8},"end":{"line":287,"column":70}},"77":{"start":{"line":293,"column":4},"end":{"line":295,"column":7}},"78":{"start":{"line":294,"column":8},"end":{"line":294,"column":73}},"79":{"start":{"line":301,"column":4},"end":{"line":1679,"column":7}},"80":{"start":{"line":306,"column":8},"end":{"line":306,"column":24}},"81":{"start":{"line":309,"column":8},"end":{"line":309,"column":30}},"82":{"start":{"line":323,"column":8},"end":{"line":325,"column":9}},"83":{"start":{"line":324,"column":10},"end":{"line":324,"column":30}},"84":{"start":{"line":333,"column":8},"end":{"line":333,"column":24}},"85":{"start":{"line":336,"column":8},"end":{"line":450,"column":9}},"86":{"start":{"line":338,"column":10},"end":{"line":338,"column":73}},"87":{"start":{"line":343,"column":10},"end":{"line":449,"column":11}},"88":{"start":{"line":347,"column":12},"end":{"line":347,"column":23}},"89":{"start":{"line":351,"column":12},"end":{"line":351,"column":82}},"90":{"start":{"line":353,"column":12},"end":{"line":358,"column":14}},"91":{"start":{"line":360,"column":12},"end":{"line":370,"column":13}},"92":{"start":{"line":366,"column":14},"end":{"line":366,"column":37}},"93":{"start":{"line":367,"column":14},"end":{"line":367,"column":64}},"94":{"start":{"line":368,"column":14},"end":{"line":368,"column":55}},"95":{"start":{"line":372,"column":12},"end":{"line":372,"column":50}},"96":{"start":{"line":375,"column":12},"end":{"line":375,"column":63}},"97":{"start":{"line":380,"column":12},"end":{"line":392,"column":13}},"98":{"start":{"line":382,"column":14},"end":{"line":390,"column":17}},"99":{"start":{"line":383,"column":16},"end":{"line":388,"column":17}},"100":{"start":{"line":384,"column":18},"end":{"line":384,"column":29}},"101":{"start":{"line":385,"column":18},"end":{"line":385,"column":35}},"102":{"start":{"line":387,"column":18},"end":{"line":387,"column":144}},"103":{"start":{"line":391,"column":14},"end":{"line":391,"column":57}},"104":{"start":{"line":396,"column":12},"end":{"line":399,"column":14}},"105":{"start":{"line":398,"column":14},"end":{"line":398,"column":62}},"106":{"start":{"line":401,"column":12},"end":{"line":401,"column":45}},"107":{"start":{"line":403,"column":12},"end":{"line":405,"column":15}},"108":{"start":{"line":404,"column":14},"end":{"line":404,"column":95}},"109":{"start":{"line":407,"column":12},"end":{"line":407,"column":56}},"110":{"start":{"line":408,"column":12},"end":{"line":435,"column":13}},"111":{"start":{"line":412,"column":14},"end":{"line":412,"column":22}},"112":{"start":{"line":414,"column":14},"end":{"line":425,"column":15}},"113":{"start":{"line":415,"column":18},"end":{"line":420,"column":20}},"114":{"start":{"line":421,"column":18},"end":{"line":421,"column":64}},"115":{"start":{"line":424,"column":18},"end":{"line":424,"column":35}},"116":{"start":{"line":426,"column":14},"end":{"line":426,"column":57}},"117":{"start":{"line":429,"column":14},"end":{"line":429,"column":47}},"118":{"start":{"line":433,"column":14},"end":{"line":433,"column":113}},"119":{"start":{"line":434,"column":14},"end":{"line":434,"column":133}},"120":{"start":{"line":438,"column":12},"end":{"line":444,"column":13}},"121":{"start":{"line":440,"column":14},"end":{"line":443,"column":17}},"122":{"start":{"line":441,"column":16},"end":{"line":441,"column":35}},"123":{"start":{"line":442,"column":16},"end":{"line":442,"column":35}},"124":{"start":{"line":448,"column":12},"end":{"line":448,"column":38}},"125":{"start":{"line":458,"column":8},"end":{"line":458,"column":25}},"126":{"start":{"line":460,"column":8},"end":{"line":462,"column":9}},"127":{"start":{"line":461,"column":10},"end":{"line":461,"column":38}},"128":{"start":{"line":465,"column":8},"end":{"line":472,"column":9}},"129":{"start":{"line":466,"column":12},"end":{"line":466,"column":48}},"130":{"start":{"line":469,"column":12},"end":{"line":471,"column":13}},"131":{"start":{"line":470,"column":16},"end":{"line":470,"column":39}},"132":{"start":{"line":474,"column":8},"end":{"line":476,"column":9}},"133":{"start":{"line":475,"column":12},"end":{"line":475,"column":51}},"134":{"start":{"line":478,"column":8},"end":{"line":482,"column":9}},"135":{"start":{"line":479,"column":12},"end":{"line":479,"column":42}},"136":{"start":{"line":481,"column":12},"end":{"line":481,"column":66}},"137":{"start":{"line":484,"column":8},"end":{"line":486,"column":9}},"138":{"start":{"line":485,"column":10},"end":{"line":485,"column":68}},"139":{"start":{"line":498,"column":8},"end":{"line":500,"column":9}},"140":{"start":{"line":499,"column":12},"end":{"line":499,"column":38}},"141":{"start":{"line":513,"column":8},"end":{"line":513,"column":73}},"142":{"start":{"line":516,"column":8},"end":{"line":525,"column":9}},"143":{"start":{"line":518,"column":12},"end":{"line":520,"column":13}},"144":{"start":{"line":519,"column":16},"end":{"line":519,"column":112}},"145":{"start":{"line":522,"column":12},"end":{"line":524,"column":13}},"146":{"start":{"line":523,"column":16},"end":{"line":523,"column":94}},"147":{"start":{"line":527,"column":8},"end":{"line":527,"column":21}},"148":{"start":{"line":533,"column":10},"end":{"line":533,"column":23}},"149":{"start":{"line":534,"column":10},"end":{"line":542,"column":11}},"150":{"start":{"line":537,"column":18},"end":{"line":537,"column":76}},"151":{"start":{"line":538,"column":18},"end":{"line":538,"column":24}},"152":{"start":{"line":540,"column":18},"end":{"line":540,"column":81}},"153":{"start":{"line":541,"column":18},"end":{"line":541,"column":24}},"154":{"start":{"line":543,"column":10},"end":{"line":543,"column":26}},"155":{"start":{"line":551,"column":8},"end":{"line":555,"column":9}},"156":{"start":{"line":552,"column":10},"end":{"line":554,"column":11}},"157":{"start":{"line":553,"column":12},"end":{"line":553,"column":43}},"158":{"start":{"line":562,"column":8},"end":{"line":562,"column":24}},"159":{"start":{"line":564,"column":8},"end":{"line":610,"column":9}},"160":{"start":{"line":565,"column":10},"end":{"line":565,"column":69}},"161":{"start":{"line":571,"column":10},"end":{"line":577,"column":11}},"162":{"start":{"line":572,"column":12},"end":{"line":572,"column":39}},"163":{"start":{"line":573,"column":12},"end":{"line":573,"column":100}},"164":{"start":{"line":574,"column":12},"end":{"line":574,"column":57}},"165":{"start":{"line":576,"column":12},"end":{"line":576,"column":43}},"166":{"start":{"line":579,"column":10},"end":{"line":581,"column":18}},"167":{"start":{"line":583,"column":10},"end":{"line":600,"column":19}},"168":{"start":{"line":587,"column":12},"end":{"line":593,"column":14}},"169":{"start":{"line":595,"column":12},"end":{"line":595,"column":79}},"170":{"start":{"line":597,"column":12},"end":{"line":597,"column":35}},"171":{"start":{"line":599,"column":12},"end":{"line":599,"column":48}},"172":{"start":{"line":604,"column":10},"end":{"line":608,"column":11}},"173":{"start":{"line":607,"column":12},"end":{"line":607,"column":63}},"174":{"start":{"line":617,"column":10},"end":{"line":619,"column":11}},"175":{"start":{"line":618,"column":14},"end":{"line":618,"column":41}},"176":{"start":{"line":627,"column":8},"end":{"line":627,"column":24}},"177":{"start":{"line":629,"column":8},"end":{"line":636,"column":23}},"178":{"start":{"line":639,"column":8},"end":{"line":643,"column":9}},"179":{"start":{"line":640,"column":10},"end":{"line":640,"column":78}},"180":{"start":{"line":642,"column":10},"end":{"line":642,"column":57}},"181":{"start":{"line":647,"column":8},"end":{"line":647,"column":56}},"182":{"start":{"line":650,"column":8},"end":{"line":666,"column":11}},"183":{"start":{"line":652,"column":12},"end":{"line":656,"column":13}},"184":{"start":{"line":653,"column":14},"end":{"line":653,"column":65}},"185":{"start":{"line":657,"column":12},"end":{"line":657,"column":30}},"186":{"start":{"line":659,"column":12},"end":{"line":659,"column":40}},"187":{"start":{"line":660,"column":12},"end":{"line":660,"column":37}},"188":{"start":{"line":662,"column":12},"end":{"line":665,"column":13}},"189":{"start":{"line":664,"column":14},"end":{"line":664,"column":43}},"190":{"start":{"line":670,"column":8},"end":{"line":670,"column":54}},"191":{"start":{"line":671,"column":8},"end":{"line":671,"column":33}},"192":{"start":{"line":675,"column":8},"end":{"line":675,"column":35}},"193":{"start":{"line":679,"column":8},"end":{"line":679,"column":55}},"194":{"start":{"line":680,"column":8},"end":{"line":680,"column":53}},"195":{"start":{"line":681,"column":8},"end":{"line":681,"column":56}},"196":{"start":{"line":682,"column":8},"end":{"line":682,"column":55}},"197":{"start":{"line":692,"column":8},"end":{"line":692,"column":106}},"198":{"start":{"line":693,"column":8},"end":{"line":693,"column":107}},"199":{"start":{"line":694,"column":8},"end":{"line":699,"column":13}},"200":{"start":{"line":700,"column":8},"end":{"line":700,"column":33}},"201":{"start":{"line":701,"column":8},"end":{"line":701,"column":34}},"202":{"start":{"line":702,"column":8},"end":{"line":702,"column":23}},"203":{"start":{"line":712,"column":8},"end":{"line":712,"column":24}},"204":{"start":{"line":713,"column":8},"end":{"line":713,"column":62}},"205":{"start":{"line":714,"column":8},"end":{"line":716,"column":9}},"206":{"start":{"line":715,"column":12},"end":{"line":715,"column":25}},"207":{"start":{"line":718,"column":8},"end":{"line":718,"column":36}},"208":{"start":{"line":720,"column":8},"end":{"line":723,"column":10}},"209":{"start":{"line":722,"column":10},"end":{"line":722,"column":67}},"210":{"start":{"line":725,"column":8},"end":{"line":731,"column":9}},"211":{"start":{"line":727,"column":10},"end":{"line":727,"column":45}},"212":{"start":{"line":730,"column":10},"end":{"line":730,"column":45}},"213":{"start":{"line":743,"column":8},"end":{"line":750,"column":9}},"214":{"start":{"line":744,"column":10},"end":{"line":744,"column":31}},"215":{"start":{"line":745,"column":10},"end":{"line":745,"column":32}},"216":{"start":{"line":746,"column":10},"end":{"line":746,"column":40}},"217":{"start":{"line":747,"column":10},"end":{"line":747,"column":40}},"218":{"start":{"line":748,"column":10},"end":{"line":748,"column":50}},"219":{"start":{"line":749,"column":10},"end":{"line":749,"column":41}},"220":{"start":{"line":759,"column":8},"end":{"line":761,"column":9}},"221":{"start":{"line":760,"column":10},"end":{"line":760,"column":116}},"222":{"start":{"line":762,"column":8},"end":{"line":762,"column":40}},"223":{"start":{"line":769,"column":8},"end":{"line":771,"column":9}},"224":{"start":{"line":770,"column":10},"end":{"line":770,"column":33}},"225":{"start":{"line":779,"column":8},"end":{"line":781,"column":9}},"226":{"start":{"line":780,"column":10},"end":{"line":780,"column":56}},"227":{"start":{"line":792,"column":10},"end":{"line":799,"column":11}},"228":{"start":{"line":793,"column":12},"end":{"line":793,"column":57}},"229":{"start":{"line":794,"column":12},"end":{"line":796,"column":13}},"230":{"start":{"line":795,"column":14},"end":{"line":795,"column":46}},"231":{"start":{"line":810,"column":8},"end":{"line":818,"column":9}},"232":{"start":{"line":812,"column":10},"end":{"line":812,"column":47}},"233":{"start":{"line":813,"column":10},"end":{"line":817,"column":19}},"234":{"start":{"line":814,"column":12},"end":{"line":816,"column":13}},"235":{"start":{"line":815,"column":14},"end":{"line":815,"column":37}},"236":{"start":{"line":834,"column":10},"end":{"line":837,"column":11}},"237":{"start":{"line":835,"column":14},"end":{"line":835,"column":48}},"238":{"start":{"line":836,"column":14},"end":{"line":836,"column":60}},"239":{"start":{"line":838,"column":10},"end":{"line":840,"column":11}},"240":{"start":{"line":839,"column":14},"end":{"line":839,"column":60}},"241":{"start":{"line":843,"column":10},"end":{"line":861,"column":11}},"242":{"start":{"line":845,"column":18},"end":{"line":845,"column":107}},"243":{"start":{"line":846,"column":18},"end":{"line":846,"column":24}},"244":{"start":{"line":848,"column":18},"end":{"line":848,"column":105}},"245":{"start":{"line":849,"column":18},"end":{"line":849,"column":24}},"246":{"start":{"line":851,"column":18},"end":{"line":851,"column":105}},"247":{"start":{"line":852,"column":18},"end":{"line":852,"column":24}},"248":{"start":{"line":854,"column":18},"end":{"line":854,"column":104}},"249":{"start":{"line":855,"column":18},"end":{"line":855,"column":24}},"250":{"start":{"line":857,"column":18},"end":{"line":857,"column":104}},"251":{"start":{"line":858,"column":18},"end":{"line":858,"column":24}},"252":{"start":{"line":860,"column":18},"end":{"line":860,"column":107}},"253":{"start":{"line":862,"column":10},"end":{"line":862,"column":30}},"254":{"start":{"line":870,"column":8},"end":{"line":870,"column":60}},"255":{"start":{"line":879,"column":8},"end":{"line":879,"column":93}},"256":{"start":{"line":880,"column":8},"end":{"line":890,"column":9}},"257":{"start":{"line":881,"column":10},"end":{"line":887,"column":11}},"258":{"start":{"line":883,"column":12},"end":{"line":883,"column":58}},"259":{"start":{"line":886,"column":12},"end":{"line":886,"column":58}},"260":{"start":{"line":900,"column":8},"end":{"line":900,"column":24}},"261":{"start":{"line":901,"column":8},"end":{"line":901,"column":52}},"262":{"start":{"line":902,"column":8},"end":{"line":902,"column":32}},"263":{"start":{"line":904,"column":8},"end":{"line":904,"column":42}},"264":{"start":{"line":905,"column":8},"end":{"line":905,"column":65}},"265":{"start":{"line":906,"column":8},"end":{"line":970,"column":9}},"266":{"start":{"line":907,"column":10},"end":{"line":907,"column":32}},"267":{"start":{"line":909,"column":10},"end":{"line":963,"column":13}},"268":{"start":{"line":911,"column":12},"end":{"line":911,"column":30}},"269":{"start":{"line":913,"column":12},"end":{"line":952,"column":15}},"270":{"start":{"line":915,"column":14},"end":{"line":915,"column":35}},"271":{"start":{"line":916,"column":14},"end":{"line":916,"column":78}},"272":{"start":{"line":918,"column":14},"end":{"line":949,"column":15}},"273":{"start":{"line":922,"column":18},"end":{"line":923,"column":61}},"274":{"start":{"line":924,"column":18},"end":{"line":924,"column":67}},"275":{"start":{"line":925,"column":18},"end":{"line":925,"column":24}},"276":{"start":{"line":928,"column":18},"end":{"line":928,"column":58}},"277":{"start":{"line":929,"column":18},"end":{"line":932,"column":21}},"278":{"start":{"line":930,"column":20},"end":{"line":930,"column":54}},"279":{"start":{"line":931,"column":20},"end":{"line":931,"column":72}},"280":{"start":{"line":933,"column":18},"end":{"line":933,"column":24}},"281":{"start":{"line":936,"column":18},"end":{"line":939,"column":21}},"282":{"start":{"line":938,"column":20},"end":{"line":938,"column":72}},"283":{"start":{"line":940,"column":18},"end":{"line":940,"column":24}},"284":{"start":{"line":943,"column":18},"end":{"line":943,"column":73}},"285":{"start":{"line":944,"column":18},"end":{"line":944,"column":65}},"286":{"start":{"line":945,"column":18},"end":{"line":945,"column":24}},"287":{"start":{"line":948,"column":18},"end":{"line":948,"column":24}},"288":{"start":{"line":950,"column":14},"end":{"line":950,"column":45}},"289":{"start":{"line":956,"column":12},"end":{"line":961,"column":13}},"290":{"start":{"line":957,"column":16},"end":{"line":957,"column":31}},"291":{"start":{"line":958,"column":16},"end":{"line":958,"column":34}},"292":{"start":{"line":960,"column":16},"end":{"line":960,"column":31}},"293":{"start":{"line":966,"column":10},"end":{"line":968,"column":13}},"294":{"start":{"line":967,"column":12},"end":{"line":967,"column":27}},"295":{"start":{"line":969,"column":10},"end":{"line":969,"column":50}},"296":{"start":{"line":972,"column":8},"end":{"line":972,"column":31}},"297":{"start":{"line":981,"column":8},"end":{"line":981,"column":46}},"298":{"start":{"line":982,"column":8},"end":{"line":991,"column":9}},"299":{"start":{"line":983,"column":10},"end":{"line":988,"column":11}},"300":{"start":{"line":984,"column":12},"end":{"line":984,"column":55}},"301":{"start":{"line":985,"column":12},"end":{"line":985,"column":54}},"302":{"start":{"line":987,"column":12},"end":{"line":987,"column":46}},"303":{"start":{"line":1002,"column":8},"end":{"line":1002,"column":24}},"304":{"start":{"line":1004,"column":8},"end":{"line":1004,"column":49}},"305":{"start":{"line":1005,"column":8},"end":{"line":1005,"column":40}},"306":{"start":{"line":1007,"column":8},"end":{"line":1014,"column":9}},"307":{"start":{"line":1008,"column":10},"end":{"line":1013,"column":13}},"308":{"start":{"line":1009,"column":12},"end":{"line":1009,"column":52}},"309":{"start":{"line":1010,"column":12},"end":{"line":1012,"column":13}},"310":{"start":{"line":1011,"column":14},"end":{"line":1011,"column":43}},"311":{"start":{"line":1017,"column":8},"end":{"line":1029,"column":9}},"312":{"start":{"line":1018,"column":10},"end":{"line":1023,"column":13}},"313":{"start":{"line":1019,"column":12},"end":{"line":1021,"column":13}},"314":{"start":{"line":1020,"column":14},"end":{"line":1020,"column":87}},"315":{"start":{"line":1022,"column":12},"end":{"line":1022,"column":39}},"316":{"start":{"line":1026,"column":10},"end":{"line":1026,"column":56}},"317":{"start":{"line":1027,"column":10},"end":{"line":1027,"column":41}},"318":{"start":{"line":1028,"column":10},"end":{"line":1028,"column":43}},"319":{"start":{"line":1038,"column":10},"end":{"line":1038,"column":51}},"320":{"start":{"line":1041,"column":10},"end":{"line":1041,"column":127}},"321":{"start":{"line":1041,"column":59},"end":{"line":1041,"column":123}},"322":{"start":{"line":1045,"column":10},"end":{"line":1045,"column":32}},"323":{"start":{"line":1046,"column":10},"end":{"line":1048,"column":11}},"324":{"start":{"line":1047,"column":14},"end":{"line":1047,"column":51}},"325":{"start":{"line":1049,"column":10},"end":{"line":1049,"column":41}},"326":{"start":{"line":1051,"column":10},"end":{"line":1055,"column":11}},"327":{"start":{"line":1052,"column":14},"end":{"line":1052,"column":39}},"328":{"start":{"line":1054,"column":14},"end":{"line":1054,"column":50}},"329":{"start":{"line":1057,"column":10},"end":{"line":1057,"column":38}},"330":{"start":{"line":1058,"column":10},"end":{"line":1058,"column":42}},"331":{"start":{"line":1059,"column":10},"end":{"line":1059,"column":35}},"332":{"start":{"line":1060,"column":10},"end":{"line":1060,"column":33}},"333":{"start":{"line":1061,"column":10},"end":{"line":1061,"column":55}},"334":{"start":{"line":1062,"column":10},"end":{"line":1068,"column":11}},"335":{"start":{"line":1063,"column":14},"end":{"line":1063,"column":50}},"336":{"start":{"line":1064,"column":16},"end":{"line":1068,"column":11}},"337":{"start":{"line":1065,"column":14},"end":{"line":1065,"column":41}},"338":{"start":{"line":1067,"column":14},"end":{"line":1067,"column":40}},"339":{"start":{"line":1069,"column":10},"end":{"line":1069,"column":20}},"340":{"start":{"line":1077,"column":8},"end":{"line":1082,"column":10}},"341":{"start":{"line":1084,"column":8},"end":{"line":1089,"column":10}},"342":{"start":{"line":1097,"column":8},"end":{"line":1137,"column":10}},"343":{"start":{"line":1150,"column":12},"end":{"line":1150,"column":64}},"344":{"start":{"line":1164,"column":12},"end":{"line":1164,"column":60}},"345":{"start":{"line":1165,"column":12},"end":{"line":1165,"column":79}},"346":{"start":{"line":1167,"column":12},"end":{"line":1167,"column":77}},"347":{"start":{"line":1176,"column":10},"end":{"line":1179,"column":11}},"348":{"start":{"line":1177,"column":12},"end":{"line":1177,"column":142}},"349":{"start":{"line":1178,"column":14},"end":{"line":1178,"column":47}},"350":{"start":{"line":1187,"column":8},"end":{"line":1198,"column":9}},"351":{"start":{"line":1188,"column":10},"end":{"line":1188,"column":37}},"352":{"start":{"line":1189,"column":10},"end":{"line":1189,"column":23}},"353":{"start":{"line":1190,"column":10},"end":{"line":1190,"column":36}},"354":{"start":{"line":1191,"column":10},"end":{"line":1191,"column":85}},"355":{"start":{"line":1193,"column":10},"end":{"line":1193,"column":90}},"356":{"start":{"line":1194,"column":10},"end":{"line":1194,"column":90}},"357":{"start":{"line":1195,"column":10},"end":{"line":1195,"column":90}},"358":{"start":{"line":1196,"column":10},"end":{"line":1196,"column":90}},"359":{"start":{"line":1197,"column":10},"end":{"line":1197,"column":21}},"360":{"start":{"line":1210,"column":10},"end":{"line":1210,"column":48}},"361":{"start":{"line":1211,"column":10},"end":{"line":1211,"column":39}},"362":{"start":{"line":1220,"column":8},"end":{"line":1220,"column":46}},"363":{"start":{"line":1221,"column":8},"end":{"line":1221,"column":104}},"364":{"start":{"line":1222,"column":8},"end":{"line":1222,"column":20}},"365":{"start":{"line":1233,"column":8},"end":{"line":1233,"column":60}},"366":{"start":{"line":1234,"column":8},"end":{"line":1234,"column":21}},"367":{"start":{"line":1238,"column":8},"end":{"line":1238,"column":58}},"368":{"start":{"line":1239,"column":8},"end":{"line":1239,"column":38}},"369":{"start":{"line":1240,"column":8},"end":{"line":1240,"column":58}},"370":{"start":{"line":1241,"column":8},"end":{"line":1245,"column":11}},"371":{"start":{"line":1242,"column":10},"end":{"line":1242,"column":67}},"372":{"start":{"line":1244,"column":10},"end":{"line":1244,"column":55}},"373":{"start":{"line":1256,"column":8},"end":{"line":1256,"column":46}},"374":{"start":{"line":1257,"column":8},"end":{"line":1257,"column":55}},"375":{"start":{"line":1258,"column":8},"end":{"line":1262,"column":9}},"376":{"start":{"line":1259,"column":10},"end":{"line":1261,"column":13}},"377":{"start":{"line":1260,"column":12},"end":{"line":1260,"column":57}},"378":{"start":{"line":1274,"column":8},"end":{"line":1274,"column":50}},"379":{"start":{"line":1276,"column":8},"end":{"line":1287,"column":9}},"380":{"start":{"line":1277,"column":10},"end":{"line":1277,"column":53}},"381":{"start":{"line":1279,"column":10},"end":{"line":1286,"column":11}},"382":{"start":{"line":1281,"column":12},"end":{"line":1281,"column":86}},"383":{"start":{"line":1285,"column":12},"end":{"line":1285,"column":86}},"384":{"start":{"line":1298,"column":8},"end":{"line":1298,"column":48}},"385":{"start":{"line":1300,"column":8},"end":{"line":1300,"column":63}},"386":{"start":{"line":1301,"column":8},"end":{"line":1301,"column":27}},"387":{"start":{"line":1311,"column":8},"end":{"line":1316,"column":11}},"388":{"start":{"line":1312,"column":10},"end":{"line":1312,"column":35}},"389":{"start":{"line":1313,"column":10},"end":{"line":1315,"column":11}},"390":{"start":{"line":1314,"column":12},"end":{"line":1314,"column":33}},"391":{"start":{"line":1324,"column":8},"end":{"line":1326,"column":9}},"392":{"start":{"line":1325,"column":10},"end":{"line":1325,"column":29}},"393":{"start":{"line":1338,"column":8},"end":{"line":1338,"column":45}},"394":{"start":{"line":1340,"column":8},"end":{"line":1340,"column":60}},"395":{"start":{"line":1343,"column":8},"end":{"line":1348,"column":10}},"396":{"start":{"line":1349,"column":8},"end":{"line":1355,"column":9}},"397":{"start":{"line":1351,"column":10},"end":{"line":1351,"column":84}},"398":{"start":{"line":1354,"column":10},"end":{"line":1354,"column":116}},"399":{"start":{"line":1367,"column":8},"end":{"line":1367,"column":69}},"400":{"start":{"line":1373,"column":8},"end":{"line":1379,"column":10}},"401":{"start":{"line":1381,"column":8},"end":{"line":1381,"column":63}},"402":{"start":{"line":1392,"column":10},"end":{"line":1392,"column":33}},"403":{"start":{"line":1393,"column":10},"end":{"line":1393,"column":32}},"404":{"start":{"line":1395,"column":10},"end":{"line":1395,"column":51}},"405":{"start":{"line":1396,"column":10},"end":{"line":1399,"column":11}},"406":{"start":{"line":1398,"column":14},"end":{"line":1398,"column":81}},"407":{"start":{"line":1402,"column":10},"end":{"line":1402,"column":67}},"408":{"start":{"line":1407,"column":10},"end":{"line":1407,"column":89}},"409":{"start":{"line":1415,"column":10},"end":{"line":1420,"column":11}},"410":{"start":{"line":1417,"column":14},"end":{"line":1417,"column":71}},"411":{"start":{"line":1419,"column":14},"end":{"line":1419,"column":56}},"412":{"start":{"line":1438,"column":10},"end":{"line":1438,"column":21}},"413":{"start":{"line":1439,"column":10},"end":{"line":1439,"column":47}},"414":{"start":{"line":1440,"column":10},"end":{"line":1440,"column":96}},"415":{"start":{"line":1442,"column":10},"end":{"line":1442,"column":90}},"416":{"start":{"line":1443,"column":10},"end":{"line":1443,"column":90}},"417":{"start":{"line":1444,"column":10},"end":{"line":1444,"column":90}},"418":{"start":{"line":1445,"column":10},"end":{"line":1445,"column":90}},"419":{"start":{"line":1447,"column":10},"end":{"line":1447,"column":57}},"420":{"start":{"line":1457,"column":8},"end":{"line":1464,"column":9}},"421":{"start":{"line":1459,"column":10},"end":{"line":1459,"column":26}},"422":{"start":{"line":1460,"column":10},"end":{"line":1463,"column":13}},"423":{"start":{"line":1462,"column":12},"end":{"line":1462,"column":57}},"424":{"start":{"line":1472,"column":8},"end":{"line":1472,"column":24}},"425":{"start":{"line":1474,"column":8},"end":{"line":1476,"column":9}},"426":{"start":{"line":1475,"column":10},"end":{"line":1475,"column":17}},"427":{"start":{"line":1478,"column":8},"end":{"line":1482,"column":11}},"428":{"start":{"line":1479,"column":10},"end":{"line":1481,"column":11}},"429":{"start":{"line":1480,"column":12},"end":{"line":1480,"column":45}},"430":{"start":{"line":1490,"column":8},"end":{"line":1490,"column":24}},"431":{"start":{"line":1491,"column":8},"end":{"line":1495,"column":9}},"432":{"start":{"line":1492,"column":10},"end":{"line":1494,"column":13}},"433":{"start":{"line":1493,"column":12},"end":{"line":1493,"column":43}},"434":{"start":{"line":1503,"column":8},"end":{"line":1503,"column":24}},"435":{"start":{"line":1504,"column":8},"end":{"line":1512,"column":9}},"436":{"start":{"line":1505,"column":10},"end":{"line":1511,"column":13}},"437":{"start":{"line":1506,"column":12},"end":{"line":1510,"column":13}},"438":{"start":{"line":1507,"column":14},"end":{"line":1507,"column":45}},"439":{"start":{"line":1509,"column":14},"end":{"line":1509,"column":43}},"440":{"start":{"line":1519,"column":8},"end":{"line":1521,"column":9}},"441":{"start":{"line":1520,"column":10},"end":{"line":1520,"column":40}},"442":{"start":{"line":1528,"column":8},"end":{"line":1531,"column":9}},"443":{"start":{"line":1529,"column":10},"end":{"line":1529,"column":40}},"444":{"start":{"line":1530,"column":10},"end":{"line":1530,"column":38}},"445":{"start":{"line":1540,"column":8},"end":{"line":1544,"column":11}},"446":{"start":{"line":1547,"column":8},"end":{"line":1568,"column":9}},"447":{"start":{"line":1548,"column":10},"end":{"line":1552,"column":12}},"448":{"start":{"line":1554,"column":15},"end":{"line":1568,"column":9}},"449":{"start":{"line":1555,"column":10},"end":{"line":1559,"column":12}},"450":{"start":{"line":1561,"column":15},"end":{"line":1568,"column":9}},"451":{"start":{"line":1562,"column":11},"end":{"line":1566,"column":14}},"452":{"start":{"line":1569,"column":8},"end":{"line":1569,"column":48}},"453":{"start":{"line":1571,"column":8},"end":{"line":1571,"column":36}},"454":{"start":{"line":1580,"column":10},"end":{"line":1583,"column":11}},"455":{"start":{"line":1582,"column":12},"end":{"line":1582,"column":65}},"456":{"start":{"line":1584,"column":10},"end":{"line":1584,"column":60}},"457":{"start":{"line":1585,"column":10},"end":{"line":1585,"column":43}},"458":{"start":
[...]
":881,"column":10}}]},"55":{"line":906,"type":"if","locations":[{"start":{"line":906,"column":8},"end":{"line":906,"column":8}},{"start":{"line":906,"column":8},"end":{"line":906,"column":8}}]},"56":{"line":918,"type":"switch","locations":[{"start":{"line":920,"column":16},"end":{"line":925,"column":24}},{"start":{"line":927,"column":16},"end":{"line":933,"column":24}},{"start":{"line":935,"column":16},"end":{"line":940,"column":24}},{"start":{"line":942,"column":16},"end":{"line":945,"column":24}},{"start":{"line":947,"column":16},"end":{"line":948,"column":24}}]},"57":{"line":924,"type":"binary-expr","locations":[{"start":{"line":924,"column":31},"end":{"line":924,"column":46}},{"start":{"line":924,"column":50},"end":{"line":924,"column":65}}]},"58":{"line":930,"type":"binary-expr","locations":[{"start":{"line":930,"column":28},"end":{"line":930,"column":47}},{"start":{"line":930,"column":51},"end":{"line":930,"column":53}}]},"59":{"line":931,"type":"binary-expr","locations":[{"start":{"line":931,"column":27},"end":{"line":931,"column":44}},{"start":{"line":931,"column":48},"end":{"line":931,"column":71}}]},"60":{"line":938,"type":"binary-expr","locations":[{"start":{"line":938,"column":27},"end":{"line":938,"column":44}},{"start":{"line":938,"column":48},"end":{"line":938,"column":71}}]},"61":{"line":950,"type":"binary-expr","locations":[{"start":{"line":950,"column":24},"end":{"line":950,"column":30}},{"start":{"line":950,"column":34},"end":{"line":950,"column":43}}]},"62":{"line":956,"type":"if","locations":[{"start":{"line":956,"column":12},"end":{"line":956,"column":12}},{"start":{"line":956,"column":12},"end":{"line":956,"column":12}}]},"63":{"line":982,"type":"if","locations":[{"start":{"line":982,"column":8},"end":{"line":982,"column":8}},{"start":{"line":982,"column":8},"end":{"line":982,"column":8}}]},"64":{"line":983,"type":"if","locations":[{"start":{"line":983,"column":10},"end":{"line":983,"column":10}},{"start":{"line":983,"column":10},"end":{"line":983,"column":10}}]},"65":{"line":1007,"type":"if","locations":[{"start":{"line":1007,"column":8},"end":{"line":1007,"column":8}},{"start":{"line":1007,"column":8},"end":{"line":1007,"column":8}}]},"66":{"line":1007,"type":"binary-expr","locations":[{"start":{"line":1007,"column":13},"end":{"line":1007,"column":21}},{"start":{"line":1007,"column":25},"end":{"line":1007,"column":47}},{"start":{"line":1007,"column":51},"end":{"line":1007,"column":69}}]},"67":{"line":1010,"type":"if","locations":[{"start":{"line":1010,"column":12},"end":{"line":1010,"column":12}},{"start":{"line":1010,"column":12},"end":{"line":1010,"column":12}}]},"68":{"line":1017,"type":"if","locations":[{"start":{"line":1017,"column":8},"end":{"line":1017,"column":8}},{"start":{"line":1017,"column":8},"end":{"line":1017,"column":8}}]},"69":{"line":1019,"type":"if","locations":[{"start":{"line":1019,"column":12},"end":{"line":1019,"column":12}},{"start":{"line":1019,"column":12},"end":{"line":1019,"column":12}}]},"70":{"line":1046,"type":"if","locations":[{"start":{"line":1046,"column":10},"end":{"line":1046,"column":10}},{"start":{"line":1046,"column":10},"end":{"line":1046,"column":10}}]},"71":{"line":1046,"type":"binary-expr","locations":[{"start":{"line":1046,"column":13},"end":{"line":1046,"column":27}},{"start":{"line":1046,"column":31},"end":{"line":1046,"column":55}}]},"72":{"line":1051,"type":"if","locations":[{"start":{"line":1051,"column":10},"end":{"line":1051,"column":10}},{"start":{"line":1051,"column":10},"end":{"line":1051,"column":10}}]},"73":{"line":1062,"type":"if","locations":[{"start":{"line":1062,"column":10},"end":{"line":1062,"column":10}},{"start":{"line":1062,"column":10},"end":{"line":1062,"column":10}}]},"74":{"line":1064,"type":"if","locations":[{"start":{"line":1064,"column":16},"end":{"line":1064,"column":16}},{"start":{"line":1064,"column":16},"end":{"line":1064,"column":16}}]},"75":{"line":1103,"type":"binary-expr","locations":[{"start":{"line":1103,"column":19},"end":{"line":1103,"column":43}},{"start":{"line":1103,"column":47},"end":{"line":1103,"column":66}}]},"76":{"line":1176,"type":"if","locations":[{"start":{"line":1176,"column":10},"end":{"line":1176,"column":10}},{"start":{"line":1176,"column":10},"end":{"line":1176,"column":10}}]},"77":{"line":1187,"type":"if","locations":[{"start":{"line":1187,"column":8},"end":{"line":1187,"column":8}},{"start":{"line":1187,"column":8},"end":{"line":1187,"column":8}}]},"78":{"line":1221,"type":"cond-expr","locations":[{"start":{"line":1221,"column":72},"end":{"line":1221,"column":98}},{"start":{"line":1221,"column":101},"end":{"line":1221,"column":103}}]},"79":{"line":1221,"type":"binary-expr","locations":[{"start":{"line":1221,"column":20},"end":{"line":1221,"column":25}},{"start":{"line":1221,"column":29},"end":{"line":1221,"column":43}},{"start":{"line":1221,"column":47},"end":{"line":1221,"column":68}}]},"80":{"line":1242,"type":"binary-expr","locations":[{"start":{"line":1242,"column":17},"end":{"line":1242,"column":30}},{"start":{"line":1242,"column":34},"end":{"line":1242,"column":66}}]},"81":{"line":1258,"type":"if","locations":[{"start":{"line":1258,"column":8},"end":{"line":1258,"column":8}},{"start":{"line":1258,"column":8},"end":{"line":1258,"column":8}}]},"82":{"line":1258,"type":"binary-expr","locations":[{"start":{"line":1258,"column":12},"end":{"line":1258,"column":17}},{"start":{"line":1258,"column":21},"end":{"line":1258,"column":35}}]},"83":{"line":1274,"type":"binary-expr","locations":[{"start":{"line":1274,"column":22},"end":{"line":1274,"column":36}},{"start":{"line":1274,"column":40},"end":{"line":1274,"column":49}}]},"84":{"line":1276,"type":"if","locations":[{"start":{"line":1276,"column":8},"end":{"line":1276,"column":8}},{"start":{"line":1276,"column":8},"end":{"line":1276,"column":8}}]},"85":{"line":1279,"type":"if","locations":[{"start":{"line":1279,"column":10},"end":{"line":1279,"column":10}},{"start":{"line":1279,"column":10},"end":{"line":1279,"column":10}}]},"86":{"line":1313,"type":"if","locations":[{"start":{"line":1313,"column":10},"end":{"line":1313,"column":10}},{"start":{"line":1313,"column":10},"end":{"line":1313,"column":10}}]},"87":{"line":1313,"type":"binary-expr","locations":[{"start":{"line":1313,"column":13},"end":{"line":1313,"column":31}},{"start":{"line":1313,"column":35},"end":{"line":1313,"column":67}}]},"88":{"line":1324,"type":"if","locations":[{"start":{"line":1324,"column":8},"end":{"line":1324,"column":8}},{"start":{"line":1324,"column":8},"end":{"line":1324,"column":8}}]},"89":{"line":1347,"type":"cond-expr","locations":[{"start":{"line":1347,"column":43},"end":{"line":1347,"column":85}},{"start":{"line":1347,"column":88},"end":{"line":1347,"column":92}}]},"90":{"line":1349,"type":"if","locations":[{"start":{"line":1349,"column":8},"end":{"line":1349,"column":8}},{"start":{"line":1349,"column":8},"end":{"line":1349,"column":8}}]},"91":{"line":1396,"type":"if","locations":[{"start":{"line":1396,"column":10},"end":{"line":1396,"column":10}},{"start":{"line":1396,"column":10},"end":{"line":1396,"column":10}}]},"92":{"line":1415,"type":"if","locations":[{"start":{"line":1415,"column":10},"end":{"line":1415,"column":10}},{"start":{"line":1415,"column":10},"end":{"line":1415,"column":10}}]},"93":{"line":1457,"type":"if","locations":[{"start":{"line":1457,"column":8},"end":{"line":1457,"column":8}},{"start":{"line":1457,"column":8},"end":{"line":1457,"column":8}}]},"94":{"line":1474,"type":"if","locations":[{"start":{"line":1474,"column":8},"end":{"line":1474,"column":8}},{"start":{"line":1474,"column":8},"end":{"line":1474,"column":8}}]},"95":{"line":1479,"type":"if","locations":[{"start":{"line":1479,"column":10},"end":{"line":1479,"column":10}},{"start":{"line":1479,"column":10},"end":{"line":1479,"column":10}}]},"96":{"line":1479,"type":"binary-expr","locations":[{"start":{"line":1479,"column":13},"end":{"line":1479,"column":27}},{"start":{"line":1479,"column":31},"end":{"line":1479,"column":70}}]},"97":{"line":1491,"type":"if","locations":[{"start":{"line":1491,"column":8},"end":{"line":1491,"column":8}},{"start":{"line":1491,"column":8},"end":{"line":1491,"column":8}}]},"98":{"line":1504,"type":"if","locations":[{"start":{"line":1504,"column":8},"end":{"line":1504,"column":8}},{"start":{"line":1504,"column":8},"end":{"line":1504,"column":8}}]},"99":{"line":1506,"type":"if","locations":[{"start":{"line":1506,"column":12},"end":{"line":1506,"column":12}},{"start":{"line":1506,"column":12},"end":{"line":1506,"column":12}}]},"100":{"line":1519,"type":"if","locations":[{"start":{"line":1519,"column":8},"end":{"line":1519,"column":8}},{"start":{"line":1519,"column":8},"end":{"line":1519,"column":8}}]},"101":{"line":1528,"type":"if","locations":[{"start":{"line":1528,"column":8},"end":{"line":1528,"column":8}},{"start":{"line":1528,"column":8},"end":{"line":1528,"column":8}}]},"102":{"line":1547,"type":"if","locations":[{"start":{"line":1547,"column":8},"end":{"line":1547,"column":8}},{"start":{"line":1547,"column":8},"end":{"line":1547,"column":8}}]},"103":{"line":1554,"type":"if","locations":[{"start":{"line":1554,"column":15},"end":{"line":1554,"column":15}},{"start":{"line":1554,"column":15},"end":{"line":1554,"column":15}}]},"104":{"line":1561,"type":"if","locations":[{"start":{"line":1561,"column":15},"end":{"line":1561,"column":15}},{"start":{"line":1561,"column":15},"end":{"line":1561,"column":15}}]},"105":{"line":1580,"type":"if","locations":[{"start":{"line":1580,"column":10},"end":{"line":1580,"column":10}},{"start":{"line":1580,"column":10},"end":{"line":1580,"column":10}}]},"106":{"line":1599,"type":"if","locations":[{"start":{"line":1599,"column":8},"end":{"line":1599,"column":8}},{"start":{"line":1599,"column":8},"end":{"line":1599,"column":8}}]},"107":{"line":1612,"type":"cond-expr","locations":[{"start":{"line":1612,"column":142},"end":{"line":1612,"column":146}},{"start":{"line":1612,"column":149},"end":{"line":1612,"column":154}}]},"108":{"line":1612,"type":"binary-expr","locations":[{"start":{"line":1612,"column":21},"end":{"line":1612,"column":77}},{"start":{"line":1612,"column":81},"end":{"line":1612,"column":137}}]},"109":{"line":1614,"type":"if","locations":[{"start":{"line":1614,"column":12},"end":{"line":1614,"column":12}},{"start":{"line":1614,"column":12},"end":{"line":1614,"column":12}}]},"110":{"line":1616,"type":"cond-expr","locations":[{"start":{"line":1616,"column":119},"end":{"line":1616,"column":123}},{"start":{"line":1616,"column":126},"end":{"line":1616,"column":131}}]},"111":{"line":1616,"type":"binary-expr","locations":[{"start":{"line":1616,"column":25},"end":{"line":1616,"column":29}},{"start":{"line":1616,"column":34},"end":{"line":1616,"column":72}},{"start":{"line":1616,"column":76},"end":{"line":1616,"column":114}}]},"112":{"line":1620,"type":"if","locations":[{"start":{"line":1620,"column":12},"end":{"line":1620,"column":12}},{"start":{"line":1620,"column":12},"end":{"line":1620,"column":12}}]},"113":{"line":1643,"type":"if","locations":[{"start":{"line":1643,"column":8},"end":{"line":1643,"column":8}},{"start":{"line":1643,"column":8},"end":{"line":1643,"column":8}}]},"114":{"line":1658,"type":"if","locations":[{"start":{"line":1658,"column":8},"end":{"line":1658,"column":8}},{"start":{"line":1658,"column":8},"end":{"line":1658,"column":8}}]},"115":{"line":1672,"type":"if","locations":[{"start":{"line":1672,"column":8},"end":{"line":1672,"column":8}},{"start":{"line":1672,"column":8},"end":{"line":1672,"column":8}}]},"116":{"line":1673,"type":"if","locations":[{"start":{"line":1673,"column":10},"end":{"line":1673,"column":10}},{"start":{"line":1673,"column":10},"end":{"line":1673,"column":10}}]},"117":{"line":1675,"type":"if","locations":[{"start":{"line":1675,"column":10},"end":{"line":1675,"column":10}},{"start":{"line":1675,"column":10},"end":{"line":1675,"column":10}}]}}},"app/scripts/modules/home/home_module.js":{"path":"app/scripts/modules/home/home_module.js","s":{"1":1,"2":0,"3":1,"4":1,"5":1,"6":1,"7":0,"8":1,"9":0,"10":0,"11":0,"12":0,"13":0,"14":0},"b":{"1":[0,1],"2":[1,1],"3":[0,0],"4":[0,0]},"f":{"1":1,"2":1,"3":0,"4":0,"5":0},"fnMap":{"1":{"name":"(anonymous_1)","line":5,"loc":{"start":{"line":5,"column":1},"end":{"line":5,"column":13}}},"2":{"name":"(anonymous_2)","line":9,"loc":{"start":{"line":9,"column":33},"end":{"line":9,"column":88}}},"3":{"name":"(anonymous_3)","line":21,"loc":{"start":{"line":21,"column":34},"end":{"line":21,"column":53}}},"4":{"name":"(anonymous_4)","line":27,"loc":{"start":{"line":27,"column":18},"end":{"line":27,"column":35}}},"5":{"name":"(anonymous_5)","line":35,"loc":{"start":{"line":35,"column":19},"end":{"line":35,"column":36}}}},"statementMap":{"1":{"start":{"line":2,"column":0},"end":{"line":4,"column":1}},"2":{"start":{"line":3,"column":4},"end":{"line":3,"column":22}},"3":{"start":{"line":5,"column":0},"end":{"line":45,"column":5}},"4":{"start":{"line":9,"column":4},"end":{"line":44,"column":7}},"5":{"start":{"line":12,"column":8},"end":{"line":18,"column":11}},"6":{"start":{"line":21,"column":8},"end":{"line":23,"column":11}},"7":{"start":{"line":22,"column":12},"end":{"line":22,"column":63}},"8":{"start":{"line":26,"column":8},"end":{"line":42,"column":10}},"9":{"start":{"line":29,"column":16},"end":{"line":31,"column":17}},"10":{"start":{"line":30,"column":18},"end":{"line":30,"column":80}},"11":{"start":{"line":33,"column":16},"end":{"line":33,"column":52}},"12":{"start":{"line":36,"column":16},"end":{"line":38,"column":17}},"13":{"start":{"line":37,"column":18},"end":{"line":37,"column":82}},"14":{"start":{"line":40,"column":16},"end":{"line":40,"column":53}}},"branchMap":{"1":{"line":2,"type":"if","locations":[{"start":{"line":2,"column":0},"end":{"line":2,"column":0}},{"start":{"line":2,"column":0},"end":{"line":2,"column":0}}]},"2":{"line":2,"type":"binary-expr","locations":[{"start":{"line":2,"column":4},"end":{"line":2,"column":17}},{"start":{"line":2,"column":21},"end":{"line":2,"column":53}}]},"3":{"line":29,"type":"if","locations":[{"start":{"line":29,"column":16},"end":{"line":29,"column":16}},{"start":{"line":29,"column":16},"end":{"line":29,"column":16}}]},"4":{"line":36,"type":"if","locations":[{"start":{"line":36,"column":16},"end":{"line":36,"column":16}},{"start":{"line":36,"column":16},"end":{"line":36,"column":16}}]}}},"app/scripts/modules/home/show/show_controller.js":{"path":"app/scripts/modules/home/show/show_controller.js","s":{"1":1,"2":0,"3":1,"4":1,"5":1,"6":0,"7":0,"8":0,"9":0,"10":0},"b":{"1":[0,1],"2":[1,1]},"f":{"1":1,"2":1,"3":0,"4":0,"5":0,"6":0},"fnMap":{"1":{"name":"(anonymous_1)","line":6,"loc":{"start":{"line":6,"column":1},"end":{"line":6,"column":13}}},"2":{"name":"(anonymous_2)","line":11,"loc":{"start":{"line":11,"column":38},"end":{"line":11,"column":87}}},"3":{"name":"(anonymous_3)","line":18,"loc":{"start":{"line":18,"column":24},"end":{"line":18,"column":41}}},"4":{"name":"(anonymous_4)","line":27,"loc":{"start":{"line":27,"column":21},"end":{"line":27,"column":31}}},"5":{"name":"(anonymous_5)","line":33,"loc":{"start":{"line":33,"column":20},"end":{"line":33,"column":32}}},"6":{"name":"(anonymous_6)","line":45,"loc":{"start":{"line":45,"column":21},"end":{"line":45,"column":32}}}},"statementMap":{"1":{"start":{"line":2,"column":0},"end":{"line":4,"column":1}},"2":{"start":{"line":3,"column":4},"end":{"line":3,"column":22}},"3":{"start":{"line":6,"column":0},"end":{"line":54,"column":5}},"4":{"start":{"line":11,"column":4},"end":{"line":52,"column":7}},"5":{"start":{"line":16,"column":8},"end":{"line":50,"column":11}},"6":{"start":{"line":19,"column":16},"end":{"line":19,"column":32}},"7":{"start":{"line":20,"column":16},"end":{"line":20,"column":49}},"8":{"start":{"line":28,"column":14},"end":{"line":28,"column":35}},"9":{"start":{"line":34,"column":16},"end":{"line":34,"column":32}},"10":{"start":{"line":46,"column":16},"end":{"line":46,"column":71}}},"branchMap":{"1":{"line":2,"type":"if","locations":[{"start":{"line":2,"column":0},"end":{"line":2,"column":0}},{"start":{"line":2,"column":0},"end":{"line":2,"column":0}}]},"2":{"line":2,"type":"binary-expr","locations":[{"start":{"line":2,"column":4},"end":{"line":2,"column":17}},{"start":{"line":2,"column":21},"end":{"line":2,"column":53}}]}}},"app/scripts/modules/home/show/show_view.js":{"path":"app/scripts/modules/home/show/show_view.js","s":{"1":1,"2":0,"3":1,"4":1,"5":1,"6":0},"b":{"1":[0,1],"2":[1,1]},"f":{"1":1,"2":1,"3":0},"fnMap":{"1":{"name":"(anonymous_1)","line":5,"loc":{"start":{"line":5,"column":1},"end":{"line":5,"column":13}}},"2":{"name":"(anonymous_2)","line":7,"loc":{"start":{"line":7,"column":36},"end":{"line":7,"column":85}}},"3":{"name":"(anonymous_3)","line":19,"loc":{"start":{"line":19,"column":18},"end":{"line":19,"column":35}}}},"statementMap":{"1":{"start":{"line":2,"column":0},"end":{"line":4,"column":1}},"2":{"start":{"line":3,"column":2},"end":{"line":3,"column":20}},"3":{"start":{"line":5,"column":0},"end":{"line":27,"column":5}},"4":{"start":{"line":7,"column":2},"end":{"line":26,"column":5}},"5":{"start":{"line":12,"column":4},"end":{"line":23,"column":7}},"6":{"start":{"line":20,"column":8},"end":{"line":20,"column":57}}},"branchMap":{"1":{"line":2,"type":"if","locations":[{"start":{"line":2,"column":0},"end":{"line":2,"column":0}},{"start":{"line":2,"column":0},"end":{"line":2,"column":0}}]},"2":{"line":2,"type":"binary-expr","locations":[{"start":{"line":2,"column":4},"end":{"line":2,"column":17}},{"start":{"line":2,"column":21},"end":{"line":2,"column":53}}]}}},"app/scripts/util/XhrUtil.js":{"path":"app/scripts/util/XhrUtil.js","s":{"1":1,"2":1,"3":1,"4":0,"5":0,"6":0,"7":0,"8":0,"9":0,"10":0,"11":0,"12":0,"13":0,"14":0,"15":0,"16":0},"b":{"1":[1,0],"2":[1,0],"3":[0,0],"4":[0,0],"5":[0,0]},"f":{"1":0,"2":0},"fnMap":{"1":{"name":"(anonymous_1)","line":20,"loc":{"start":{"line":20,"column":8},"end":{"line":20,"column":30}}},"2":{"name":"(anonymous_2)","line":45,"loc":{"start":{"line":45,"column":11},"end":{"line":45,"column":24}}}},"statementMap":{"1":{"start":{"line":8,"column":0},"end":{"line":10,"column":1}},"2":{"start":{"line":9,"column":4},"end":{"line":9,"column":19}},"3":{"start":{"line":12,"column":0},"end":{"line":51,"column":2}},"4":{"start":{"line":24,"column":4},"end":{"line":27,"column":5}},"5":{"start":{"line":25,"column":6},"end":{"line":25,"column":29}},"6":{"start":{"line":26,"column":6},"end":{"line":26,"column":97}},"7":{"start":{"line":28,"column":4},"end":{"line":31,"column":5}},"8":{"start":{"line":29,"column":6},"end":{"line":29,"column":27}},"9":{"start":{"line":30,"column":6},"end":{"line":30,"column":95}},"10":{"start":{"line":32,"column":4},"end":{"line":35,"column":5}},"11":{"start":{"line":33,"column":6},"end":{"line":33,"column":30}},"12":{"start":{"line":34,"column":6},"end":{"line":34,"column":100}},"13":{"start":{"line":36,"column":4},"end":{"line":36,"column":40}},"14":{"start":{"line":37,"column":4},"end":{"line":37,"column":32}},"15":{"start":{"line":47,"column":4},"end":{"line":47,"column":40}},"16":{"start":{"line":48,"column":4},"end":{"line":48,"column":26}}},"branchMap":{"1":{"line":8,"type":"if","locations":[{"start":{"line":8,"column":0},"end":{"line":8,"column":0}},{"start":{"line":8,"column":0},"end":{"line":8,"column":0}}]},"2":{"line":8,"type":"binary-expr","locations":[{"start":{"line":8,"column":4},"end":{"line":8,"column":14}},{"start":{"line":8,"column":18},"end":{"line":8,"column":47}}]},"3":{"line":24,"type":"if","locations":[{"start":{"line":24,"column":4},"end":{"line":24,"column":4}},{"start":{"line":24,"column":4},"end":{"line":24,"column":4}}]},"4":{"line":28,"type":"if","locations":[{"start":{"line":28,"column":4},"end":{"line":28,"column":4}},{"start":{"line":28,"column":4},"end":{"line":28,"column":4}}]},"5":{"line":32,"type":"if","locations":[{"start":{"line":32,"column":4},"end":{"line":32,"column":4}},{"start":{"line":32,"column":4},"end":{"line":32,"column":4}}]}}}}